<?xml version="1.0" encoding="UTF-8"?>
<testsuite xmlns:xsi="http://www.w3.org/2001/XMLSchema-instance" xsi:noNamespaceSchemaLocation="https://maven.apache.org/surefire/maven-surefire-plugin/xsd/surefire-test-report-3.0.xsd" version="3.0" name="com.veterinariapetCcinic.veterinaria_pet_clinic.VeterinariaPetClinicApplicationTests" time="12.419" tests="1" errors="0" skipped="0" failures="0">
  <properties>
[...]
</properties>
  <testcase name="contextLoads" classname="com.veterinariapetCcinic.veterinaria_pet_clinic.VeterinariaPetClinicApplicationTests" time="0.025">
    <system-out><![CDATA[17:25:13.141 [main] INFO org.springframework.test.context.support.AnnotationConfigContextLoaderUtils -- Could not detect default configuration classes for test class [com.veterinariapetCcinic.veterinaria_pet_clinic.VeterinariaPetClinicApplicationTests]: VeterinariaPetClinicApplicationTests does not declare any static, non-private, non-final, nested classes annotated with @Configuration.
17:25:13.373 [main] INFO org.springframework.boot.test.context.SpringBootTestContextBootstrapper -- Found @SpringBootConfiguration com.veterinariapetCcinic.veterinaria_pet_clinic.VeterinariaPetClinicApplication for test class com.veterinariapetCcinic.veterinaria_pet_clinic.VeterinariaPetClinicApplicationTests

  .   ____          _            __ _ _
 /\\ / ___'_ __ _ _(_)_ __  __ _ \ \ \ \
( ( )\___ | '_ | '_| | '_ \/ _` | \ \ \ \
 \\/  ___)| |_)| | | | | || (_| |  ) ) ) )
  '  |____| .__|_| |_|_| |_\__, | / / / /
 =========|_|==============|___/=/_/_/_/

 :: Spring Boot ::                (v3.3.5)

2026-06-27T17:25:14.021-05:00  INFO 14268 --- [           main] v.v.VeterinariaPetClinicApplicationTests : Starting VeterinariaPetClinicApplicationTests using Java 21.0.10 with PID 14268 (started by KATHERINE in C:\Users\KATHERINE\Documents\GitHub\Veterinaria_Pet_Clinic)
2026-06-27T17:25:14.023-05:00  INFO 14268 --- [           main] v.v.VeterinariaPetClinicApplicationTests : No active profile set, falling back to 1 default profile: "default"
2026-06-27T17:25:14.023-05:00 DEBUG 14268 --- [           main] o.s.boot.SpringApplication               : Loading source class com.veterinariapetCcinic.veterinaria_pet_clinic.VeterinariaPetClinicApplication
2026-06-27T17:25:14.072-05:00 DEBUG 14268 --- [           main] o.s.w.c.s.GenericWebApplicationContext   : Refreshing org.springframework.web.context.support.GenericWebApplicationContext@6f5d0190
2026-06-27T17:25:15.815-05:00  INFO 14268 --- [           main] .s.d.r.c.RepositoryConfigurationDelegate : Bootstrapping Spring Data JPA repositories in DEFAULT mode.
2026-06-27T17:25:15.844-05:00 DEBUG 14268 --- [           main] o.s.b.a.AutoConfigurationPackages        : @EnableAutoConfiguration was declared on a class in the package 'com.veterinariapetCcinic.veterinaria_pet_clinic'. Automatic @Repository and @Entity scanning is enabled.
2026-06-27T17:25:15.963-05:00  INFO 14268 --- [           main] .s.d.r.c.RepositoryConfigurationDelegate : Finished Spring Data repository scanning in 136 ms. Found 20 JPA repository interfaces.
2026-06-27T17:25:17.039-05:00  INFO 14268 --- [           main] o.hibernate.jpa.internal.util.LogHelper  : HHH000204: Processing PersistenceUnitInfo [name: default]
2026-06-27T17:25:17.165-05:00  INFO 14268 --- [           main] org.hibernate.Version                    : HHH000412: Hibernate ORM core version 6.5.3.Final
2026-06-27T17:25:17.216-05:00  INFO 14268 --- [           main] o.h.c.internal.RegionFactoryInitiator    : HHH000026: Second-level cache disabled
2026-06-27T17:25:17.391-05:00  INFO 14268 --- [           main] o.s.o.j.p.SpringPersistenceUnitInfo      : No LoadTimeWeaver setup: ignoring JPA class transformer
2026-06-27T17:25:17.434-05:00  INFO 14268 --- [           main] com.zaxxer.hikari.HikariDataSource       : HikariPool-1 - Starting...
2026-06-27T17:25:17.739-05:00  INFO 14268 --- [           main] com.zaxxer.hikari.pool.HikariPool        : HikariPool-1 - Added connection conn0: url=jdbc:h2:mem:testdb user=SA
2026-06-27T17:25:17.743-05:00  INFO 14268 --- [           main] com.zaxxer.hikari.HikariDataSource       : HikariPool-1 - Start completed.
2026-06-27T17:25:17.792-05:00  WARN 14268 --- [           main] org.hibernate.orm.deprecation            : HHH90000025: H2Dialect does not need to be specified explicitly using 'hibernate.dialect' (remove the property setting and it will be selected by default)
2026-06-27T17:25:19.338-05:00  INFO 14268 --- [           main] o.h.e.t.j.p.i.JtaPlatformInitiator       : HHH000489: No JTA platform available (set 'hibernate.transaction.jta.platform' to enable JTA platform integration)
2026-06-27T17:25:19.358-05:00 DEBUG 14268 --- [           main] org.hibernate.SQL                        : drop table if exists agenda cascade 
Hibernate: drop table if exists agenda cascade 
2026-06-27T17:25:19.363-05:00 DEBUG 14268 --- [           main] org.hibernate.SQL                        : drop table if exists alertas_criticas cascade 
Hibernate: drop table if exists alertas_criticas cascade 
2026-06-27T17:25:19.363-05:00 DEBUG 14268 --- [           main] org.hibernate.SQL                        : drop table if exists citas cascade 
Hibernate: drop table if exists citas cascade 
2026-06-27T17:25:19.364-05:00 DEBUG 14268 --- [           main] org.hibernate.SQL                        : drop table if exists clientes cascade 
Hibernate: drop table if exists clientes cascade 
2026-06-27T17:25:19.364-05:00 DEBUG 14268 --- [           main] org.hibernate.SQL                        : drop table if exists consultas cascade 
Hibernate: drop table if exists consultas cascade 
2026-06-27T17:25:19.364-05:00 DEBUG 14268 --- [           main] org.hibernate.SQL                        : drop table if exists detalle_ventas cascade 
Hibernate: drop table if exists detalle_ventas cascade 
2026-06-27T17:25:19.364-05:00 DEBUG 14268 --- [           main] org.hibernate.SQL                        : drop table if exists mascotas cascade 
Hibernate: drop table if exists mascotas cascade 
2026-06-27T17:25:19.365-05:00 DEBUG 14268 --- [           main] org.hibernate.SQL                        : drop table if exists medicamento cascade 
Hibernate: drop table if exists medicamento cascade 
2026-06-27T17:25:19.365-05:00 DEBUG 14268 --- [           main] org.hibernate.SQL                        : drop table if exists paciente cascade 
Hibernate: drop table if exists paciente cascade 
2026-06-27T17:25:19.365-05:00 DEBUG 14268 --- [           main] org.hibernate.SQL                        : drop table if exists pagos cascade 
Hibernate: drop table if exists pagos cascade 
2026-06-27T17:25:19.365-05:00 DEBUG 14268 --- [           main] org.hibernate.SQL                        : drop table if exists proveedores cascade 
Hibernate: drop table if exists proveedores cascade 
2026-06-27T17:25:19.365-05:00 DEBUG 14268 --- [           main] org.hibernate.SQL                        : drop table if exists receta_item cascade 
Hibernate: drop table if exists receta_item cascade 
2026-06-27T17:25:19.366-05:00 DEBUG 14268 --- [           main] org.hibernate.SQL                        : drop table if exists receta_medica cascade 
Hibernate: drop table if exists receta_medica cascade 
2026-06-27T17:25:19.366-05:00 DEBUG 14268 --- [           main] org.hibernate.SQL                        : drop table if exists recetas cascade 
Hibernate: drop table if exists recetas cascade 
2026-06-27T17:25:19.366-05:00 DEBUG 14268 --- [           main] org.hibernate.SQL                        : drop table if exists seguimientos cascade 
Hibernate: drop table if exists seguimientos cascade 
2026-06-27T17:25:19.366-05:00 DEBUG 14268 --- [           main] org.hibernate.SQL                        : drop table if exists signos_vitales cascade 
Hibernate: drop table if exists signos_vitales cascade 
2026-06-27T17:25:19.366-05:00 DEBUG 14268 --- [           main] org.hibernate.SQL                        : drop table if exists usuarios cascade 
Hibernate: drop table if exists usuarios cascade 
2026-06-27T17:25:19.367-05:00 DEBUG 14268 --- [           main] org.hibernate.SQL                        : drop table if exists vacunas cascade 
Hibernate: drop table if exists vacunas cascade 
2026-06-27T17:25:19.367-05:00 DEBUG 14268 --- [           main] org.hibernate.SQL                        : drop table if exists vacunas_aplicadas cascade 
Hibernate: drop table if exists vacunas_aplicadas cascade 
2026-06-27T17:25:19.367-05:00 DEBUG 14268 --- [           main] org.hibernate.SQL                        : drop table if exists ventas cascade 
Hibernate: drop table if exists ventas cascade 
2026-06-27T17:25:19.367-05:00 DEBUG 14268 --- [           main] org.hibernate.SQL                        : drop table if exists veterinario cascade 
Hibernate: drop table if exists veterinario cascade 
2026-06-27T17:25:19.379-05:00 DEBUG 14268 --- [           main] org.hibernate.SQL                        : create table agenda (disponible boolean, duracion_turno integer, fecha date not null, hora_fin time(6) not null, hora_inicio time(6) not null, id bigint generated by default as identity, veterinario_id bigint, motivo varchar(255), primary key (id))
Hibernate: create table agenda (disponible boolean, duracion_turno integer, fecha date not null, hora_fin time(6) not null, hora_inicio time(6) not null, id bigint generated by default as identity, veterinario_id bigint, motivo varchar(255), primary key (id))
2026-06-27T17:25:19.399-05:00 DEBUG 14268 --- [           main] org.hibernate.SQL                        : create table alertas_criticas (consulta_id bigint, fecha_creacion timestamp(6), id bigint generated by default as identity, mascota_id bigint, resuelta_por bigint, descripcion varchar(255), estado varchar(255), prioridad varchar(255), tipo_alerta varchar(255), primary key (id))
Hibernate: create table alertas_criticas (consulta_id bigint, fecha_creacion timestamp(6), id bigint generated by default as identity, mascota_id bigint, resuelta_por bigint, descripcion varchar(255), estado varchar(255), prioridad varchar(255), tipo_alerta varchar(255), primary key (id))
2026-06-27T17:25:19.401-05:00 DEBUG 14268 --- [           main] org.hibernate.SQL                        : create table citas (recordatorio_enviado boolean, fecha_creacion timestamp(6), fecha_hora timestamp(6) not null, id bigint generated by default as identity, mascota_id bigint not null, veterinario_id bigint, estado varchar(50), motivo varchar(200), observaciones varchar(255), primary key (id))
Hibernate: create table citas (recordatorio_enviado boolean, fecha_creacion timestamp(6), fecha_hora timestamp(6) not null, id bigint generated by default as identity, mascota_id bigint not null, veterinario_id bigint, estado varchar(50), motivo varchar(200), observaciones varchar(255), primary key (id))
2026-06-27T17:25:19.404-05:00 DEBUG 14268 --- [           main] org.hibernate.SQL                        : create table clientes (fecha_registro timestamp(6), id bigint generated by default as identity, telefono varchar(20) not null unique, email varchar(100), nombre varchar(100) not null, direccion varchar(200), primary key (id))
Hibernate: create table clientes (fecha_registro timestamp(6), id bigint generated by default as identity, telefono varchar(20) not null unique, email varchar(100), nombre varchar(100) not null, direccion varchar(200), primary key (id))
2026-06-27T17:25:19.407-05:00 DEBUG 14268 --- [           main] org.hibernate.SQL                        : create table consultas (frecuencia_cardiaca integer, frecuencia_respiratoria integer, peso float(53), temperatura float(53), fecha_consulta timestamp(6), id bigint generated by default as identity, mascota_id bigint, veterinario_id bigint, estado varchar(255), motivo_consulta TEXT, observaciones TEXT, primary key (id))
Hibernate: create table consultas (frecuencia_cardiaca integer, frecuencia_respiratoria integer, peso float(53), temperatura float(53), fecha_consulta timestamp(6), id bigint generated by default as identity, mascota_id bigint, veterinario_id bigint, estado varchar(255), motivo_consulta TEXT, observaciones TEXT, primary key (id))
2026-06-27T17:25:19.408-05:00 DEBUG 14268 --- [           main] org.hibernate.SQL                        : create table detalle_ventas (cantidad integer not null, precio_unitario numeric(10,2) not null, id bigint generated by default as identity, medicamento_id bigint, venta_id bigint, primary key (id))
Hibernate: create table detalle_ventas (cantidad integer not null, precio_unitario numeric(10,2) not null, id bigint generated by default as identity, medicamento_id bigint, venta_id bigint, primary key (id))
2026-06-27T17:25:19.409-05:00 DEBUG 14268 --- [           main] org.hibernate.SQL                        : create table mascotas (activo boolean, edad integer, fecha_baja date, fecha_nacimiento date, peso float(53), cliente_id bigint not null, id bigint generated by default as identity, especie varchar(50) not null, raza varchar(50), nombre varchar(100) not null, foto_url varchar(500), alergias TEXT, color varchar(255), primary key (id))
Hibernate: create table mascotas (activo boolean, edad integer, fecha_baja date, fecha_nacimiento date, peso float(53), cliente_id bigint not null, id bigint generated by default as identity, especie varchar(50) not null, raza varchar(50), nombre varchar(100) not null, foto_url varchar(500), alergias TEXT, color varchar(255), primary key (id))
2026-06-27T17:25:19.411-05:00 DEBUG 14268 --- [           main] org.hibernate.SQL                        : create table medicamento (precio numeric(38,2), stock integer, stock_minimo integer, id bigint generated by default as identity, proveedor_id bigint, contraindicaciones varchar(255), descripcion varchar(255), imagen_url varchar(255), interacciones varchar(255), nombre varchar(255), presentacion varchar(255), primary key (id))
Hibernate: create table medicamento (precio numeric(38,2), stock integer, stock_minimo integer, id bigint generated by default as identity, proveedor_id bigint, contraindicaciones varchar(255), descripcion varchar(255), imagen_url varchar(255), interacciones varchar(255), nombre varchar(255), presentacion varchar(255), primary key (id))
2026-06-27T17:25:19.412-05:00 DEBUG 14268 --- [           main] org.hibernate.SQL                        : create table paciente (id bigint generated by default as identity, especie varchar(255), nombre varchar(255), raza varchar(255), primary key (id))
Hibernate: create table paciente (id bigint generated by default as identity, especie varchar(255), nombre varchar(255), raza varchar(255), primary key (id))
2026-06-27T17:25:19.413-05:00 DEBUG 14268 --- [           main] org.hibernate.SQL                        : create table pagos (monto float(53), cita_id bigint unique, cliente_id bigint, fecha_pago timestamp(6), id bigint generated by default as identity, comprobante varchar(255), estado varchar(255), metodo_pago varchar(255), observaciones varchar(255), primary key (id))
Hibernate: create table pagos (monto float(53), cita_id bigint unique, cliente_id bigint, fecha_pago timestamp(6), id bigint generated by default as identity, comprobante varchar(255), estado varchar(255), metodo_pago varchar(255), observaciones varchar(255), primary key (id))
2026-06-27T17:25:19.415-05:00 DEBUG 14268 --- [           main] org.hibernate.SQL                        : create table proveedores (id bigint generated by default as identity, contacto varchar(255), direccion varchar(255), email varchar(255), nombre varchar(255), ruc varchar(255), telefono varchar(255), primary key (id))
Hibernate: create table proveedores (id bigint generated by default as identity, contacto varchar(255), direccion varchar(255), email varchar(255), nombre varchar(255), ruc varchar(255), telefono varchar(255), primary key (id))
2026-06-27T17:25:19.418-05:00 DEBUG 14268 --- [           main] org.hibernate.SQL                        : create table receta_item (cantidad integer, id bigint generated by default as identity, medicamento_id bigint, receta_id bigint, dosis varchar(255), duracion varchar(255), frecuencia varchar(255), notas varchar(255), unidad varchar(255), via varchar(255), primary key (id))
Hibernate: create table receta_item (cantidad integer, id bigint generated by default as identity, medicamento_id bigint, receta_id bigint, dosis varchar(255), duracion varchar(255), frecuencia varchar(255), notas varchar(255), unidad varchar(255), via varchar(255), primary key (id))
2026-06-27T17:25:19.420-05:00 DEBUG 14268 --- [           main] org.hibernate.SQL                        : create table receta_medica (fecha date, id bigint generated by default as identity, paciente_id bigint, veterinario_id bigint, observaciones varchar(255), estado enum ('DISPENSADA','PENDIENTE','RECHAZADA','VALIDADA'), primary key (id))
Hibernate: create table receta_medica (fecha date, id bigint generated by default as identity, paciente_id bigint, veterinario_id bigint, observaciones varchar(255), estado enum ('DISPENSADA','PENDIENTE','RECHAZADA','VALIDADA'), primary key (id))
2026-06-27T17:25:19.421-05:00 DEBUG 14268 --- [           main] org.hibernate.SQL                        : create table recetas (consulta_id bigint, fecha_emision timestamp(6), id bigint generated by default as identity, medicamento_id bigint, dosis varchar(255), duracion varchar(255), estado varchar(255), frecuencia varchar(255), primary key (id))
Hibernate: create table recetas (consulta_id bigint, fecha_emision timestamp(6), id bigint generated by default as identity, medicamento_id bigint, dosis varchar(255), duracion varchar(255), estado varchar(255), frecuencia varchar(255), primary key (id))
2026-06-27T17:25:19.423-05:00 DEBUG 14268 --- [           main] org.hibernate.SQL                        : create table seguimientos (fecha_programada date, fecha_realizada date, consulta_id bigint, id bigint generated by default as identity, mascota_id bigint, descripcion varchar(255), estado varchar(255), observaciones TEXT, primary key (id))
Hibernate: create table seguimientos (fecha_programada date, fecha_realizada date, consulta_id bigint, id bigint generated by default as identity, mascota_id bigint, descripcion varchar(255), estado varchar(255), observaciones TEXT, primary key (id))
2026-06-27T17:25:19.424-05:00 DEBUG 14268 --- [           main] org.hibernate.SQL                        : create table signos_vitales (frecuencia_cardiaca integer, frecuencia_respiratoria integer, peso float(53), temperatura float(53), consulta_id bigint, fecha_registro timestamp(6), id bigint generated by default as identity, mascota_id bigint, advertencia TEXT, estado_frecuencia_cardiaca varchar(255), estado_frecuencia_respiratoria varchar(255), estado_general varchar(255), estado_temperatura varchar(255), observaciones TEXT, primary key (id))
Hibernate: create table signos_vitales (frecuencia_cardiaca integer, frecuencia_respiratoria integer, peso float(53), temperatura float(53), consulta_id bigint, fecha_registro timestamp(6), id bigint generated by default as identity, mascota_id bigint, advertencia TEXT, estado_frecuencia_cardiaca varchar(255), estado_frecuencia_respiratoria varchar(255), estado_general varchar(255), estado_temperatura varchar(255), observaciones TEXT, primary key (id))
2026-06-27T17:25:19.425-05:00 DEBUG 14268 --- [           main] org.hibernate.SQL                        : create table usuarios (activo boolean, fecha_creacion timestamp(6), id bigint generated by default as identity, username varchar(50) not null unique, rol varchar(60) not null, email varchar(100), nombre varchar(100) not null, password varchar(255) not null, primary key (id))
Hibernate: create table usuarios (activo boolean, fecha_creacion timestamp(6), id bigint generated by default as identity, username varchar(50) not null unique, rol varchar(60) not null, email varchar(100), nombre varchar(100) not null, password varchar(255) not null, primary key (id))
2026-06-27T17:25:19.427-05:00 DEBUG 14268 --- [           main] org.hibernate.SQL                        : create table vacunas (id bigint generated by default as identity, nombre varchar(255), primary key (id))
Hibernate: create table vacunas (id bigint generated by default as identity, nombre varchar(255), primary key (id))
2026-06-27T17:25:19.428-05:00 DEBUG 14268 --- [           main] org.hibernate.SQL                        : create table vacunas_aplicadas (fecha_aplicacion date, proxima_dosis date, id bigint generated by default as identity, mascota_id bigint, vacuna_id bigint, veterinario_id bigint, observaciones TEXT, primary key (id))
Hibernate: create table vacunas_aplicadas (fecha_aplicacion date, proxima_dosis date, id bigint generated by default as identity, mascota_id bigint, vacuna_id bigint, veterinario_id bigint, observaciones TEXT, primary key (id))
2026-06-27T17:25:19.429-05:00 DEBUG 14268 --- [           main] org.hibernate.SQL                        : create table ventas (comprobante_enviado boolean, igv numeric(10,2) not null, subtotal numeric(10,2) not null, total numeric(10,2) not null, cliente_id bigint, fecha timestamp(6) not null, id bigint generated by default as identity, receta_medica_id bigint unique, usuario_id bigint, metodo_pago varchar(50), primary key (id))
Hibernate: create table ventas (comprobante_enviado boolean, igv numeric(10,2) not null, subtotal numeric(10,2) not null, total numeric(10,2) not null, cliente_id bigint, fecha timestamp(6) not null, id bigint generated by default as identity, receta_medica_id bigint unique, usuario_id bigint, metodo_pago varchar(50), primary key (id))
2026-06-27T17:25:19.430-05:00 DEBUG 14268 --- [           main] org.hibernate.SQL                        : create table veterinario (id bigint generated by default as identity, especialidad varchar(255), nombre varchar(255), primary key (id))
Hibernate: create table veterinario (id bigint generated by default as identity, especialidad varchar(255), nombre varchar(255), primary key (id))
2026-06-27T17:25:19.431-05:00 DEBUG 14268 --- [           main] org.hibernate.SQL                        : alter table if exists agenda add constraint FKpba85qx4dkeb5bim6s81ekube foreign key (veterinario_id) references usuarios
Hibernate: alter table if exists agenda add constraint FKpba85qx4dkeb5bim6s81ekube foreign key (veterinario_id) references usuarios
2026-06-27T17:25:19.444-05:00 DEBUG 14268 --- [           main] org.hibernate.SQL                        : alter table if exists alertas_criticas add constraint FKdyqmh8f2h27wxxbh227ljteri foreign key (consulta_id) references consultas
Hibernate: alter table if exists alertas_criticas add constraint FKdyqmh8f2h27wxxbh227ljteri foreign key (consulta_id) references consultas
2026-06-27T17:25:19.446-05:00 DEBUG 14268 --- [           main] org.hibernate.SQL                        : alter table if exists alertas_criticas add constraint FKhkg8fnq0hw90oei8krxt3pgn5 foreign key (mascota_id) references mascotas
Hibernate: alter table if exists alertas_criticas add constraint FKhkg8fnq0hw90oei8krxt3pgn5 foreign key (mascota_id) references mascotas
2026-06-27T17:25:19.447-05:00 DEBUG 14268 --- [           main] org.hibernate.SQL                        : alter table if exists alertas_criticas add constraint FKx0jkiwicckdqh66bhrmxu93n foreign key (resuelta_por) references usuarios
Hibernate: alter table if exists alertas_criticas add constraint FKx0jkiwicckdqh66bhrmxu93n foreign key (resuelta_por) references usuarios
2026-06-27T17:25:19.448-05:00 DEBUG 14268 --- [           main] org.hibernate.SQL                        : alter table if exists citas add constraint FKmoh4y7wq0bqnr9hf70j2m8hjk foreign key (mascota_id) references mascotas
Hibernate: alter table if exists citas add constraint FKmoh4y7wq0bqnr9hf70j2m8hjk foreign key (mascota_id) references mascotas
2026-06-27T17:25:19.450-05:00 DEBUG 14268 --- [           main] org.hibernate.SQL                        : alter table if exists citas add constraint FKdl5kdl215xbn4q0w55ndq09sm foreign key (veterinario_id) references usuarios
Hibernate: alter table if exists citas add constraint FKdl5kdl215xbn4q0w55ndq09sm foreign key (veterinario_id) references usuarios
2026-06-27T17:25:19.451-05:00 DEBUG 14268 --- [           main] org.hibernate.SQL                        : alter table if exists consultas add constraint FKhu5n8dgylk2x8g62h2ny6oui4 foreign key (mascota_id) references mascotas
Hibernate: alter table if exists consultas add constraint FKhu5n8dgylk2x8g62h2ny6oui4 foreign key (mascota_id) references mascotas
2026-06-27T17:25:19.453-05:00 DEBUG 14268 --- [           main] org.hibernate.SQL                        : alter table if exists consultas add constraint FK1aucogxfys6qghsy69xlbfg42 foreign key (veterinario_id) references usuarios
Hibernate: alter table if exists consultas add constraint FK1aucogxfys6qghsy69xlbfg42 foreign key (veterinario_id) references usuarios
2026-06-27T17:25:19.454-05:00 DEBUG 14268 --- [           main] org.hibernate.SQL                        : alter table if exists detalle_ventas add constraint FK745ocffk3qddiluslst10376l foreign key (medicamento_id) references medicamento
Hibernate: alter table if exists detalle_ventas add constraint FK745ocffk3qddiluslst10376l foreign key (medicamento_id) references medicamento
2026-06-27T17:25:19.455-05:00 DEBUG 14268 --- [           main] org.hibernate.SQL                        : alter table if exists detalle_ventas add constraint FK2dn1sdhrbmva44wbs9fy6l7mn foreign key (venta_id) references ventas
Hibernate: alter table if exists detalle_ventas add constraint FK2dn1sdhrbmva44wbs9fy6l7mn foreign key (venta_id) references ventas
2026-06-27T17:25:19.456-05:00 DEBUG 14268 --- [           main] org.hibernate.SQL                        : alter table if exists mascotas add constraint FK2an8whhtepxb34mq1khlgsum4 foreign key (cliente_id) references clientes
Hibernate: alter table if exists mascotas add constraint FK2an8whhtepxb34mq1khlgsum4 foreign key (cliente_id) references clientes
2026-06-27T17:25:19.457-05:00 DEBUG 14268 --- [           main] org.hibernate.SQL                        : alter table if exists medicamento add constraint FK7m6rrla2roynhsfhxk4y8ih9o foreign key (proveedor_id) references proveedores
Hibernate: alter table if exists medicamento add constraint FK7m6rrla2roynhsfhxk4y8ih9o foreign key (proveedor_id) references proveedores
2026-06-27T17:25:19.458-05:00 DEBUG 14268 --- [           main] org.hibernate.SQL                        : alter table if exists pagos add constraint FKdyyqrbd5gg0lhhcijte5qkt88 foreign key (cita_id) references citas
Hibernate: alter table if exists pagos add constraint FKdyyqrbd5gg0lhhcijte5qkt88 foreign key (cita_id) references citas
2026-06-27T17:25:19.459-05:00 DEBUG 14268 --- [           main] org.hibernate.SQL                        : alter table if exists pagos add constraint FK46ttejne36r1077y8pis4s8l8 foreign key (cliente_id) references clientes
Hibernate: alter table if exists pagos add constraint FK46ttejne36r1077y8pis4s8l8 foreign key (cliente_id) references clientes
2026-06-27T17:25:19.461-05:00 DEBUG 14268 --- [           main] org.hibernate.SQL                        : alter table if exists receta_item add constraint FKoyhsj2ms8aenrbambwgetgn40 foreign key (medicamento_id) references medicamento
Hibernate: alter table if exists receta_item add constraint FKoyhsj2ms8aenrbambwgetgn40 foreign key (medicamento_id) references medicamento
2026-06-27T17:25:19.463-05:00 DEBUG 14268 --- [           main] org.hibernate.SQL                        : alter table if exists receta_item add constraint FKj2dl27akiaodf8qt5pk1xh1vr foreign key (receta_id) references receta_medica
Hibernate: alter table if exists receta_item add constraint FKj2dl27akiaodf8qt5pk1xh1vr foreign key (receta_id) references receta_medica
2026-06-27T17:25:19.464-05:00 DEBUG 14268 --- [           main] org.hibernate.SQL                        : alter table if exists receta_medica add constraint FKpgsmfvu5aonuc5qyhsjcvgs1a foreign key (paciente_id) references paciente
Hibernate: alter table if exists receta_medica add constraint FKpgsmfvu5aonuc5qyhsjcvgs1a foreign key (paciente_id) references paciente
2026-06-27T17:25:19.466-05:00 DEBUG 14268 --- [           main] org.hibernate.SQL                        : alter table if exists receta_medica add constraint FK8ypfbhpwjmoa67biuwc973a1c foreign key (veterinario_id) references veterinario
Hibernate: alter table if exists receta_medica add constraint FK8ypfbhpwjmoa67biuwc973a1c foreign key (veterinario_id) references veterinario
2026-06-27T17:25:19.467-05:00 DEBUG 14268 --- [           main] org.hibernate.SQL                        : alter table if exists recetas add constraint FKtox6tyqei378s1pvd72k9nxed foreign key (consulta_id) references consultas
Hibernate: alter table if exists recetas add constraint FKtox6tyqei378s1pvd72k9nxed foreign key (consulta_id) references consultas
2026-06-27T17:25:19.469-05:00 DEBUG 14268 --- [           main] org.hibernate.SQL                        : alter table if exists recetas add constraint FKihleukuon8tfe65ow4gfbr17f foreign key (medicamento_id) references medicamento
Hibernate: alter table if exists recetas add constraint FKihleukuon8tfe65ow4gfbr17f foreign key (medicamento_id) references medicamento
2026-06-27T17:25:19.469-05:00 DEBUG 14268 --- [           main] org.hibernate.SQL                        : alter table if exists seguimientos add constraint FKn1hp58x72lefjyhk5p1wxf6h3 foreign key (consulta_id) references consultas
Hibernate: alter table if exists seguimientos add constraint FKn1hp58x72lefjyhk5p1wxf6h3 foreign key (consulta_id) references consultas
2026-06-27T17:25:19.471-05:00 DEBUG 14268 --- [           main] org.hibernate.SQL                        : alter table if exists seguimientos add constraint FKniyla1excuxsdcwacfdyl0be9 foreign key (mascota_id) references mascotas
Hibernate: alter table if exists seguimientos add constraint FKniyla1excuxsdcwacfdyl0be9 foreign key (mascota_id) references mascotas
2026-06-27T17:25:19.473-05:00 DEBUG 14268 --- [           main] org.hibernate.SQL                        : alter table if exists signos_vitales add constraint FK6h478j9hdxqtl9m4acx6d4r0p foreign key (consulta_id) references consultas
Hibernate: alter table if exists signos_vitales add constraint FK6h478j9hdxqtl9m4acx6d4r0p foreign key (consulta_id) references consultas
2026-06-27T17:25:19.474-05:00 DEBUG 14268 --- [           main] org.hibernate.SQL                        : alter table if exists signos_vitales add constraint FKaor59t8qdvwrim2druie60nox foreign key (mascota_id) references mascotas
Hibernate: alter table if exists signos_vitales add constraint FKaor59t8qdvwrim2druie60nox foreign key (mascota_id) references mascotas
2026-06-27T17:25:19.476-05:00 DEBUG 14268 --- [           main] org.hibernate.SQL                        : alter table if exists vacunas_aplicadas add constraint FKm30so3qgs0ts1e3w2n5vvsl7e foreign key (mascota_id) references mascotas
Hibernate: alter table if exists vacunas_aplicadas add constraint FKm30so3qgs0ts1e3w2n5vvsl7e foreign key (mascota_id) references mascotas
2026-06-27T17:25:19.478-05:00 DEBUG 14268 --- [           main] org.hibernate.SQL                        : alter table if exists vacunas_aplicadas add constraint FKsudkfy99e0uf7gdp3hmwefooq foreign key (vacuna_id) references vacunas
Hibernate: alter table if exists vacunas_aplicadas add constraint FKsudkfy99e0uf7gdp3hmwefooq foreign key (vacuna_id) references vacunas
2026-06-27T17:25:19.480-05:00 DEBUG 14268 --- [           main] org.hibernate.SQL                        : alter table if exists vacunas_aplicadas add constraint FK8bth1cqrjl4a6wygmh32a24qb foreign key (veterinario_id) references usuarios
Hibernate: alter table if exists vacunas_aplicadas add constraint FK8bth1cqrjl4a6wygmh32a24qb foreign key (veterinario_id) references usuarios
2026-06-27T17:25:19.481-05:00 DEBUG 14268 --- [           main] org.hibernate.SQL                        : alter table if exists ventas add constraint FK4dgjhccl2uuo8swmxlxb4ipb5 foreign key (cliente_id) references clientes
Hibernate: alter table if exists ventas add constraint FK4dgjhccl2uuo8swmxlxb4ipb5 foreign key (cliente_id) references clientes
2026-06-27T17:25:19.482-05:00 DEBUG 14268 --- [           main] org.hibernate.SQL                        : alter table if exists ventas add constraint FK1io4n250scm587d8eccx5rusw foreign key (receta_medica_id) references receta_medica
Hibernate: alter table if exists ventas add constraint FK1io4n250scm587d8eccx5rusw foreign key (receta_medica_id) references receta_medica
2026-06-27T17:25:19.484-05:00 DEBUG 14268 --- [           main] org.hibernate.SQL                        : alter table if exists ventas add constraint FKco9r9xjcdqtgd4nvnnolsr6ei foreign key (usuario_id) references usuarios
Hibernate: alter table if exists ventas add constraint FKco9r9xjcdqtgd4nvnnolsr6ei foreign key (usuario_id) references usuarios
2026-06-27T17:25:19.489-05:00  INFO 14268 --- [           main] j.LocalContainerEntityManagerFactoryBean : Initialized JPA EntityManagerFactory for persistence unit 'default'
2026-06-27T17:25:20.137-05:00  INFO 14268 --- [           main] o.s.d.j.r.query.QueryEnhancerFactory     : Hibernate is in classpath; If applicable, HQL parser will be used.
2026-06-27T17:25:22.624-05:00  WARN 14268 --- [           main] JpaBaseConfiguration$JpaWebConfiguration : spring.jpa.open-in-view is enabled by default. Therefore, database queries may be performed during view rendering. Explicitly configure spring.jpa.open-in-view to disable this warning
2026-06-27T17:25:22.675-05:00  INFO 14268 --- [           main] r$InitializeUserDetailsManagerConfigurer : Global AuthenticationManager configured with UserDetailsService bean with name userDetailsService
2026-06-27T17:25:22.825-05:00 DEBUG 14268 --- [           main] o.s.w.s.s.s.WebSocketHandlerMapping      : Patterns [/ws-notifications/**] in 'stompWebSocketHandlerMapping'
2026-06-27T17:25:22.963-05:00 DEBUG 14268 --- [           main] s.w.s.m.m.a.RequestMappingHandlerMapping : 100 mappings in 'requestMappingHandlerMapping'
2026-06-27T17:25:23.105-05:00 DEBUG 14268 --- [           main] o.s.w.s.handler.SimpleUrlHandlerMapping  : Patterns [/webjars/**, /**] in 'resourceHandlerMapping'
2026-06-27T17:25:23.322-05:00 DEBUG 14268 --- [           main] .WebSocketAnnotationMethodMessageHandler : 
	c.v.v.c.AdminController:
	
2026-06-27T17:25:23.323-05:00 DEBUG 14268 --- [           main] .WebSocketAnnotationMethodMessageHandler : 
	c.v.v.c.FarmaceuticoController:
	
2026-06-27T17:25:23.324-05:00 DEBUG 14268 --- [           main] .WebSocketAnnotationMethodMessageHandler : 
	c.v.v.c.FarmaceuticoNotificationController:
	
2026-06-27T17:25:23.324-05:00 DEBUG 14268 --- [           main] .WebSocketAnnotationMethodMessageHandler : 
	c.v.v.c.LoginController:
	
2026-06-27T17:25:23.324-05:00 DEBUG 14268 --- [           main] .WebSocketAnnotationMethodMessageHandler : 
	c.v.v.c.RecepcionistaAgendaController:
	
2026-06-27T17:25:23.324-05:00 DEBUG 14268 --- [           main] .WebSocketAnnotationMethodMessageHandler : 
	c.v.v.c.RecepcionistaController:
	
2026-06-27T17:25:23.324-05:00 DEBUG 14268 --- [           main] .WebSocketAnnotationMethodMessageHandler : 
	c.v.v.c.RecepcionistaNotificationController:
	
2026-06-27T17:25:23.325-05:00 DEBUG 14268 --- [           main] .WebSocketAnnotationMethodMessageHandler : 
	c.v.v.c.VeterinariaController:
	
2026-06-27T17:25:23.326-05:00 DEBUG 14268 --- [           main] .WebSocketAnnotationMethodMessageHandler : 
	o.s.b.a.w.s.e.BasicErrorController:
	
2026-06-27T17:25:23.672-05:00 DEBUG 14268 --- [           main] s.w.s.m.m.a.RequestMappingHandlerAdapter : ControllerAdvice beans: 0 @ModelAttribute, 0 @InitBinder, 1 RequestBodyAdvice, 1 ResponseBodyAdvice
2026-06-27T17:25:23.753-05:00 DEBUG 14268 --- [           main] .m.m.a.ExceptionHandlerExceptionResolver : ControllerAdvice beans: 0 @ExceptionHandler, 1 ResponseBodyAdvice
2026-06-27T17:25:23.952-05:00 DEBUG 14268 --- [           main] org.springframework.web.SimpLogging      : clientOutboundChannel added SubProtocolWebSocketHandler[StompSubProtocolHandler[v10.stomp, v11.stomp, v12.stomp]]
2026-06-27T17:25:23.953-05:00 DEBUG 14268 --- [           main] org.springframework.web.SimpLogging      : clientInboundChannel added WebSocketAnnotationMethodMessageHandler[prefixes=[/app/]]
2026-06-27T17:25:23.953-05:00  INFO 14268 --- [           main] o.s.m.s.b.SimpleBrokerMessageHandler     : Starting...
2026-06-27T17:25:23.954-05:00 DEBUG 14268 --- [           main] org.springframework.web.SimpLogging      : clientInboundChannel added SimpleBrokerMessageHandler [org.springframework.messaging.simp.broker.DefaultSubscriptionRegistry@1267348a]
2026-06-27T17:25:23.954-05:00 DEBUG 14268 --- [           main] org.springframework.web.SimpLogging      : brokerChannel added SimpleBrokerMessageHandler [org.springframework.messaging.simp.broker.DefaultSubscriptionRegistry@1267348a]
2026-06-27T17:25:23.955-05:00  INFO 14268 --- [           main] o.s.m.s.b.SimpleBrokerMessageHandler     : BrokerAvailabilityEvent[available=true, SimpleBrokerMessageHandler [org.springframework.messaging.simp.broker.DefaultSubscriptionRegistry@1267348a]]
2026-06-27T17:25:23.957-05:00  INFO 14268 --- [           main] o.s.m.s.b.SimpleBrokerMessageHandler     : Started.
2026-06-27T17:25:23.957-05:00 DEBUG 14268 --- [           main] org.springframework.web.SimpLogging      : clientInboundChannel added UserDestinationMessageHandler[DefaultUserDestinationResolver[prefix=/user/]]
2026-06-27T17:25:23.957-05:00 DEBUG 14268 --- [           main] org.springframework.web.SimpLogging      : brokerChannel added UserDestinationMessageHandler[DefaultUserDestinationResolver[prefix=/user/]]
2026-06-27T17:25:23.974-05:00 DEBUG 14268 --- [           main] .s.b.a.l.ConditionEvaluationReportLogger : 


============================
CONDITIONS EVALUATION REPORT
============================


Positive matches:
-----------------

   AopAutoConfiguration matched:
      - @ConditionalOnProperty (spring.aop.auto=true) matched (OnPropertyCondition)

   AopAutoConfiguration.AspectJAutoProxyingConfiguration matched:
      - @ConditionalOnClass found required class 'org.aspectj.weaver.Advice' (OnClassCondition)

   AopAutoConfiguration.AspectJAutoProxyingConfiguration.CglibAutoProxyConfiguration matched:
      - @ConditionalOnProperty (spring.aop.proxy-target-class=true) matched (OnPropertyCondition)

   ApplicationAvailabilityAutoConfiguration#applicationAvailability matched:
      - @ConditionalOnMissingBean (types: org.springframework.boot.availability.ApplicationAvailability; SearchStrategy: all) did not find any beans (OnBeanCondition)

   DataSourceAutoConfiguration matched:
      - @ConditionalOnClass found required classes 'javax.sql.DataSource', 'org.springframework.jdbc.datasource.embedded.EmbeddedDatabaseType' (OnClassCondition)
      - @ConditionalOnMissingBean (types: io.r2dbc.spi.ConnectionFactory; SearchStrategy: all) did not find any beans (OnBeanCondition)

   DataSourceAutoConfiguration.PooledDataSourceConfiguration matched:
      - AnyNestedCondition 1 matched 1 did not; NestedCondition on DataSourceAutoConfiguration.PooledDataSourceCondition.PooledDataSourceAvailable PooledDataSource found supported DataSource; NestedCondition on DataSourceAutoConfiguration.PooledDataSourceCondition.ExplicitType @ConditionalOnProperty (spring.datasource.type) did not find property 'type' (DataSourceAutoConfiguration.PooledDataSourceCondition)
      - @ConditionalOnMissingBean (types: javax.sql.DataSource,javax.sql.XADataSource; SearchStrategy: all) did not find any beans (OnBeanCondition)

   DataSourceAutoConfiguration.PooledDataSourceConfiguration#jdbcConnectionDetails matched:
      - @ConditionalOnMissingBean (types: org.springframework.boot.autoconfigure.jdbc.JdbcConnectionDetails; SearchStrategy: all) did not find any beans (OnBeanCondition)

   DataSourceConfiguration.Hikari matched:
      - @ConditionalOnClass found required class 'com.zaxxer.hikari.HikariDataSource' (OnClassCondition)
      - @ConditionalOnProperty (spring.datasource.type=com.zaxxer.hikari.HikariDataSource) matched (OnPropertyCondition)
      - @ConditionalOnMissingBean (types: javax.sql.DataSource; SearchStrategy: all) did not find any beans (OnBeanCondition)

   DataSourceInitializationConfiguration matched:
      - @ConditionalOnClass found required class 'org.springframework.jdbc.datasource.init.DatabasePopulator' (OnClassCondition)
      - @ConditionalOnSingleCandidate (types: javax.sql.DataSource; SearchStrategy: all) found a single bean 'dataSource'; @ConditionalOnMissingBean (types: org.springframework.boot.autoconfigure.sql.init.SqlDataSourceScriptDatabaseInitializer,org.springframework.boot.autoconfigure.sql.init.SqlR2dbcScriptDatabaseInitializer; SearchStrategy: all) did not find any beans (OnBeanCondition)

   DataSourcePoolMetadataProvidersConfiguration.HikariPoolDataSourceMetadataProviderConfiguration matched:
      - @ConditionalOnClass found required class 'com.zaxxer.hikari.HikariDataSource' (OnClassCondition)

   DataSourceTransactionManagerAutoConfiguration matched:
      - @ConditionalOnClass found required classes 'javax.sql.DataSource', 'org.springframework.jdbc.core.JdbcTemplate', 'org.springframework.transaction.TransactionManager' (OnClassCondition)

   DataSourceTransactionManagerAutoConfiguration.JdbcTransactionManagerConfiguration matched:
      - @ConditionalOnSingleCandidate (types: javax.sql.DataSource; SearchStrategy: all) found a single bean 'dataSource' (OnBeanCondition)

   DispatcherServletAutoConfiguration matched:
      - @ConditionalOnClass found required class 'org.springframework.web.servlet.DispatcherServlet' (OnClassCondition)
      - found 'session' scope (OnWebApplicationCondition)

   DispatcherServletAutoConfiguration.DispatcherServletConfiguration matched:
      - @ConditionalOnClass found required class 'jakarta.servlet.ServletRegistration' (OnClassCondition)
      - Default DispatcherServlet did not find dispatcher servlet beans (DispatcherServletAutoConfiguration.DefaultDispatcherServletCondition)

   DispatcherServletAutoConfiguration.DispatcherServletRegistrationConfiguration matched:
      - @ConditionalOnClass found required class 'jakarta.servlet.ServletRegistration' (OnClassCondition)
      - DispatcherServlet Registration did not find servlet registration bean (DispatcherServletAutoConfiguration.DispatcherServletRegistrationCondition)

   DispatcherServletAutoConfiguration.DispatcherServletRegistrationConfiguration#dispatcherServletRegistration matched:
      - @ConditionalOnBean (names: dispatcherServlet types: org.springframework.web.servlet.DispatcherServlet; SearchStrategy: all) found bean 'dispatcherServlet' (OnBeanCondition)

   ErrorMvcAutoConfiguration matched:
      - @ConditionalOnClass found required classes 'jakarta.servlet.Servlet', 'org.springframework.web.servlet.DispatcherServlet' (OnClassCondition)
      - found 'session' scope (OnWebApplicationCondition)

   ErrorMvcAutoConfiguration#basicErrorController matched:
      - @ConditionalOnMissingBean (types: org.springframework.boot.web.servlet.error.ErrorController; SearchStrategy: current) did not find any beans (OnBeanCondition)

   ErrorMvcAutoConfiguration#errorAttributes matched:
      - @ConditionalOnMissingBean (types: org.springframework.boot.web.servlet.error.ErrorAttributes; SearchStrategy: current) did not find any beans (OnBeanCondition)

   ErrorMvcAutoConfiguration.DefaultErrorViewResolverConfiguration#conventionErrorViewResolver matched:
      - @ConditionalOnBean (types: org.springframework.web.servlet.DispatcherServlet; SearchStrategy: all) found bean 'dispatcherServlet'; @ConditionalOnMissingBean (types: org.springframework.boot.autoconfigure.web.servlet.error.ErrorViewResolver; SearchStrategy: all) did not find any beans (OnBeanCondition)

   ErrorMvcAutoConfiguration.WhitelabelErrorViewConfiguration matched:
      - @ConditionalOnProperty (server.error.whitelabel.enabled) matched (OnPropertyCondition)
      - ErrorTemplate Missing did not find error template view (ErrorMvcAutoConfiguration.ErrorTemplateMissingCondition)

   ErrorMvcAutoConfiguration.WhitelabelErrorViewConfiguration#beanNameViewResolver matched:
      - @ConditionalOnMissingBean (types: org.springframework.web.servlet.view.BeanNameViewResolver; SearchStrategy: all) did not find any beans (OnBeanCondition)

   ErrorMvcAutoConfiguration.WhitelabelErrorViewConfiguration#defaultErrorView matched:
      - @ConditionalOnMissingBean (names: error; SearchStrategy: all) did not find any beans (OnBeanCondition)

   GenericCacheConfiguration matched:
      - Cache org.springframework.boot.autoconfigure.cache.GenericCacheConfiguration automatic cache type (CacheCondition)

   HibernateJpaAutoConfiguration matched:
      - @ConditionalOnClass found required classes 'org.springframework.orm.jpa.LocalContainerEntityManagerFactoryBean', 'jakarta.persistence.EntityManager', 'org.hibernate.engine.spi.SessionImplementor' (OnClassCondition)

   HibernateJpaConfiguration matched:
      - @ConditionalOnSingleCandidate (types: javax.sql.DataSource; SearchStrategy: all) found a single bean 'dataSource' (OnBeanCondition)

   HttpEncodingAutoConfiguration matched:
      - @ConditionalOnClass found required class 'org.springframework.web.filter.CharacterEncodingFilter' (OnClassCondition)
      - found 'session' scope (OnWebApplicationCondition)
      - @ConditionalOnProperty (server.servlet.encoding.enabled) matched (OnPropertyCondition)

   HttpEncodingAutoConfiguration#characterEncodingFilter matched:
      - @ConditionalOnMissingBean (types: org.springframework.web.filter.CharacterEncodingFilter; SearchStrategy: all) did not find any beans (OnBeanCondition)

   HttpMessageConvertersAutoConfiguration matched:
      - @ConditionalOnClass found required class 'org.springframework.http.converter.HttpMessageConverter' (OnClassCondition)
      - NoneNestedConditions 0 matched 1 did not; NestedCondition on HttpMessageConvertersAutoConfiguration.NotReactiveWebApplicationCondition.ReactiveWebApplication did not find reactive web application classes (HttpMessageConvertersAutoConfiguration.NotReactiveWebApplicationCondition)

   HttpMessageConvertersAutoConfiguration#messageConverters matched:
      - @ConditionalOnMissingBean (types: org.springframework.boot.autoconfigure.http.HttpMessageConverters; SearchStrategy: all) did not find any beans (OnBeanCondition)

   HttpMessageConvertersAutoConfiguration.StringHttpMessageConverterConfiguration matched:
      - @ConditionalOnClass found required class 'org.springframework.http.converter.StringHttpMessageConverter' (OnClassCondition)

   HttpMessageConvertersAutoConfiguration.StringHttpMessageConverterConfiguration#stringHttpMessageConverter matched:
      - @ConditionalOnMissingBean (types: org.springframework.http.converter.StringHttpMessageConverter; SearchStrategy: all) did not find any beans (OnBeanCondition)

   JacksonAutoConfiguration matched:
      - @ConditionalOnClass found required class 'com.fasterxml.jackson.databind.ObjectMapper' (OnClassCondition)

   JacksonAutoConfiguration.Jackson2ObjectMapperBuilderCustomizerConfiguration matched:
      - @ConditionalOnClass found required class 'org.springframework.http.converter.json.Jackson2ObjectMapperBuilder' (OnClassCondition)

   JacksonAutoConfiguration.JacksonObjectMapperBuilderConfiguration matched:
      - @ConditionalOnClass found required class 'org.springframework.http.converter.json.Jackson2ObjectMapperBuilder' (OnClassCondition)

   JacksonAutoConfiguration.JacksonObjectMapperBuilderConfiguration#jacksonObjectMapperBuilder matched:
      - @ConditionalOnMissingBean (types: org.springframework.http.converter.json.Jackson2ObjectMapperBuilder; SearchStrategy: all) did not find any beans (OnBeanCondition)

   JacksonAutoConfiguration.JacksonObjectMapperConfiguration matched:
      - @ConditionalOnClass found required class 'org.springframework.http.converter.json.Jackson2ObjectMapperBuilder' (OnClassCondition)

   JacksonAutoConfiguration.JacksonObjectMapperConfiguration#jacksonObjectMapper matched:
      - @ConditionalOnMissingBean (types: com.fasterxml.jackson.databind.ObjectMapper; SearchStrategy: all) did not find any beans (OnBeanCondition)

   JacksonAutoConfiguration.ParameterNamesModuleConfiguration matched:
      - @ConditionalOnClass found required class 'com.fasterxml.jackson.module.paramnames.ParameterNamesModule' (OnClassCondition)

   JacksonAutoConfiguration.ParameterNamesModuleConfiguration#parameterNamesModule matched:
      - @ConditionalOnMissingBean (types: com.fasterxml.jackson.module.paramnames.ParameterNamesModule; SearchStrategy: all) did not find any beans (OnBeanCondition)

   JacksonHttpMessageConvertersConfiguration.MappingJackson2HttpMessageConverterConfiguration matched:
      - @ConditionalOnClass found required class 'com.fasterxml.jackson.databind.ObjectMapper' (OnClassCondition)
      - @ConditionalOnProperty (spring.mvc.converters.preferred-json-mapper=jackson) matched (OnPropertyCondition)
      - @ConditionalOnBean (types: com.fasterxml.jackson.databind.ObjectMapper; SearchStrategy: all) found bean 'jacksonObjectMapper' (OnBeanCondition)

   JacksonHttpMessageConvertersConfiguration.MappingJackson2HttpMessageConverterConfiguration#mappingJackson2HttpMessageConverter matched:
      - @ConditionalOnMissingBean (types: org.springframework.http.converter.json.MappingJackson2HttpMessageConverter ignored: org.springframework.hateoas.server.mvc.TypeConstrainedMappingJackson2HttpMessageConverter,org.springframework.data.rest.webmvc.alps.AlpsJsonHttpMessageConverter; SearchStrategy: all) did not find any beans (OnBeanCondition)

   JdbcClientAutoConfiguration matched:
      - @ConditionalOnSingleCandidate (types: org.springframework.jdbc.core.namedparam.NamedParameterJdbcTemplate; SearchStrategy: all) found a single bean 'namedParameterJdbcTemplate'; @ConditionalOnMissingBean (types: org.springframework.jdbc.core.simple.JdbcClient; SearchStrategy: all) did not find any beans (OnBeanCondition)

   JdbcTemplateAutoConfiguration matched:
      - @ConditionalOnClass found required classes 'javax.sql.DataSource', 'org.springframework.jdbc.core.JdbcTemplate' (OnClassCondition)
      - @ConditionalOnSingleCandidate (types: javax.sql.DataSource; SearchStrategy: all) found a single bean 'dataSource' (OnBeanCondition)

   JdbcTemplateConfiguration matched:
      - @ConditionalOnMissingBean (types: org.springframework.jdbc.core.JdbcOperations; SearchStrategy: all) did not find any beans (OnBeanCondition)

   JpaBaseConfiguration#entityManagerFactory matched:
      - @ConditionalOnMissingBean (types: org.springframework.orm.jpa.LocalContainerEntityManagerFactoryBean,jakarta.persistence.EntityManagerFactory; SearchStrategy: all) did not find any beans (OnBeanCondition)

   JpaBaseConfiguration#entityManagerFactoryBuilder matched:
      - @ConditionalOnMissingBean (types: org.springframework.boot.orm.jpa.EntityManagerFactoryBuilder; SearchStrategy: all) did not find any beans (OnBeanCondition)

   JpaBaseConfiguration#jpaVendorAdapter matched:
      - @ConditionalOnMissingBean (types: org.springframework.orm.jpa.JpaVendorAdapter; SearchStrategy: all) did not find any beans (OnBeanCondition)

   JpaBaseConfiguration#transactionManager matched:
      - @ConditionalOnMissingBean (types: org.springframework.transaction.TransactionManager; SearchStrategy: all) did not find any beans (OnBeanCondition)

   JpaBaseConfiguration.JpaWebConfiguration matched:
      - @ConditionalOnClass found required class 'org.springframework.web.servlet.config.annotation.WebMvcConfigurer' (OnClassCondition)
      - found 'session' scope (OnWebApplicationCondition)
      - @ConditionalOnProperty (spring.jpa.open-in-view=true) matched (OnPropertyCondition)
      - @ConditionalOnMissingBean (types: org.springframework.orm.jpa.support.OpenEntityManagerInViewInterceptor,org.springframework.orm.jpa.support.OpenEntityManagerInViewFilter; SearchStrategy: all) did not find any beans (OnBeanCondition)

   JpaBaseConfiguration.PersistenceManagedTypesConfiguration matched:
      - @ConditionalOnMissingBean (types: org.springframework.orm.jpa.LocalContainerEntityManagerFactoryBean,jakarta.persistence.EntityManagerFactory; SearchStrategy: all) did not find any beans (OnBeanCondition)

   JpaBaseConfiguration.PersistenceManagedTypesConfiguration#persistenceManagedTypes matched:
      - @ConditionalOnMissingBean (types: org.springframework.orm.jpa.persistenceunit.PersistenceManagedTypes; SearchStrategy: all) did not find any beans (OnBeanCondition)

   JpaRepositoriesAutoConfiguration matched:
      - @ConditionalOnClass found required class 'org.springframework.data.jpa.repository.JpaRepository' (OnClassCondition)
      - @ConditionalOnProperty (spring.data.jpa.repositories.enabled=true) matched (OnPropertyCondition)
      - @ConditionalOnBean (types: javax.sql.DataSource; SearchStrategy: all) found bean 'dataSource'; @ConditionalOnMissingBean (types: org.springframework.data.jpa.repository.support.JpaRepositoryFactoryBean,org.springframework.data.jpa.repository.config.JpaRepositoryConfigExtension; SearchStrategy: all) did not find any beans (OnBeanCondition)

   JtaAutoConfiguration matched:
      - @ConditionalOnClass found required class 'jakarta.transaction.Transaction' (OnClassCondition)
      - @ConditionalOnProperty (spring.jta.enabled) matched (OnPropertyCondition)

   LifecycleAutoConfiguration#defaultLifecycleProcessor matched:
      - @ConditionalOnMissingBean (names: lifecycleProcessor; SearchStrategy: current) did not find any beans (OnBeanCondition)

   MultipartAutoConfiguration matched:
      - @ConditionalOnClass found required classes 'jakarta.servlet.Servlet', 'org.springframework.web.multipart.support.StandardServletMultipartResolver', 'jakarta.servlet.MultipartConfigElement' (OnClassCondition)
      - found 'session' scope (OnWebApplicationCondition)
      - @ConditionalOnProperty (spring.servlet.multipart.enabled) matched (OnPropertyCondition)

   MultipartAutoConfiguration#multipartConfigElement matched:
      - @ConditionalOnMissingBean (types: jakarta.servlet.MultipartConfigElement; SearchStrategy: all) did not find any beans (OnBeanCondition)

   MultipartAutoConfiguration#multipartResolver matched:
      - @ConditionalOnMissingBean (types: org.springframework.web.multipart.MultipartResolver; SearchStrategy: all) did not find any beans (OnBeanCondition)

   NamedParameterJdbcTemplateConfiguration matched:
      - @ConditionalOnSingleCandidate (types: org.springframework.jdbc.core.JdbcTemplate; SearchStrategy: all) found a single bean 'jdbcTemplate'; @ConditionalOnMissingBean (types: org.springframework.jdbc.core.namedparam.NamedParameterJdbcOperations; SearchStrategy: all) did not find any beans (OnBeanCondition)

   NoOpCacheConfiguration matched:
      - Cache org.springframework.boot.autoconfigure.cache.NoOpCacheConfiguration automatic cache type (CacheCondition)

   PersistenceExceptionTranslationAutoConfiguration matched:
      - @ConditionalOnClass found required class 'org.springframework.dao.annotation.PersistenceExceptionTranslationPostProcessor' (OnClassCondition)

   PersistenceExceptionTranslationAutoConfiguration#persistenceExceptionTranslationPostProcessor matched:
      - @ConditionalOnProperty (spring.dao.exceptiontranslation.enabled) matched (OnPropertyCondition)
      - @ConditionalOnMissingBean (types: org.springframework.dao.annotation.PersistenceExceptionTranslationPostProcessor; SearchStrategy: all) did not find any beans (OnBeanCondition)

   PropertyPlaceholderAutoConfiguration#propertySourcesPlaceholderConfigurer matched:
      - @ConditionalOnMissingBean (types: org.springframework.context.support.PropertySourcesPlaceholderConfigurer; SearchStrategy: current) did not find any beans (OnBeanCondition)

   RestClientAutoConfiguration matched:
      - @ConditionalOnClass found required class 'org.springframework.web.client.RestClient' (OnClassCondition)
      - NoneNestedConditions 0 matched 1 did not; NestedCondition on NotReactiveWebApplicationCondition.ReactiveWebApplication did not find reactive web application classes (NotReactiveWebApplicationCondition)

   RestClientAutoConfiguration#httpMessageConvertersRestClientCustomizer matched:
      - @ConditionalOnMissingBean (types: org.springframework.boot.autoconfigure.web.client.HttpMessageConvertersRestClientCustomizer; SearchStrategy: all) did not find any beans (OnBeanCondition)

   RestClientAutoConfiguration#restClientBuilder matched:
      - @ConditionalOnMissingBean (types: org.springframework.web.client.RestClient$Builder; SearchStrategy: all) did not find any beans (OnBeanCondition)

   RestClientAutoConfiguration#restClientBuilderConfigurer matched:
      - @ConditionalOnMissingBean (types: org.springframework.boot.autoconfigure.web.client.RestClientBuilderConfigurer; SearchStrategy: all) did not find any beans (OnBeanCondition)

   RestClientAutoConfiguration#restClientSsl matched:
      - @ConditionalOnBean (types: org.springframework.boot.ssl.SslBundles; SearchStrategy: all) found bean 'sslBundleRegistry'; @ConditionalOnMissingBean (types: org.springframework.boot.autoconfigure.web.client.RestClientSsl; SearchStrategy: all) did not find any beans (OnBeanCondition)

   RestTemplateAutoConfiguration matched:
      - @ConditionalOnClass found required class 'org.springframework.web.client.RestTemplate' (OnClassCondition)
      - NoneNestedConditions 0 matched 1 did not; NestedCondition on NotReactiveWebApplicationCondition.ReactiveWebApplication did not find reactive web application classes (NotReactiveWebApplicationCondition)

   RestTemplateAutoConfiguration#restTemplateBuilder matched:
      - @ConditionalOnMissingBean (types: org.springframework.boot.web.client.RestTemplateBuilder; SearchStrategy: all) did not find any beans (OnBeanCondition)

   SecurityAutoConfiguration matched:
      - @ConditionalOnClass found required class 'org.springframework.security.authentication.DefaultAuthenticationEventPublisher' (OnClassCondition)

   SecurityAutoConfiguration#authenticationEventPublisher matched:
      - @ConditionalOnMissingBean (types: org.springframework.security.authentication.AuthenticationEventPublisher; SearchStrategy: all) did not find any beans (OnBeanCondition)

   SecurityFilterAutoConfiguration matched:
      - @ConditionalOnClass found required classes 'org.springframework.security.web.context.AbstractSecurityWebApplicationInitializer', 'org.springframework.security.config.http.SessionCreationPolicy' (OnClassCondition)
      - found 'session' scope (OnWebApplicationCondition)

   SecurityFilterAutoConfiguration#securityFilterChainRegistration matched:
      - @ConditionalOnBean (names: springSecurityFilterChain; SearchStrategy: all) found bean 'springSecurityFilterChain' (OnBeanCondition)

   ServletWebServerFactoryAutoConfiguration matched:
      - @ConditionalOnClass found required class 'jakarta.servlet.ServletRequest' (OnClassCondition)
      - found 'session' scope (OnWebApplicationCondition)

   ServletWebServerFactoryAutoConfiguration#tomcatServletWebServerFactoryCustomizer matched:
      - @ConditionalOnClass found required class 'org.apache.catalina.startup.Tomcat' (OnClassCondition)

   ServletWebServerFactoryConfiguration.EmbeddedTomcat matched:
      - @ConditionalOnClass found required classes 'jakarta.servlet.Servlet', 'org.apache.catalina.startup.Tomcat', 'org.apache.coyote.UpgradeProtocol' (OnClassCondition)
      - @ConditionalOnMissingBean (types: org.springframework.boot.web.servlet.server.ServletWebServerFactory; SearchStrategy: current) did not find any beans (OnBeanCondition)

   SimpleCacheConfiguration matched:
      - Cache org.springframework.boot.autoconfigure.cache.SimpleCacheConfiguration automatic cache type (CacheCondition)

   SpringBootWebSecurityConfiguration matched:
      - found 'session' scope (OnWebApplicationCondition)

   SpringDataWebAutoConfiguration matched:
      - @ConditionalOnClass found required classes 'org.springframework.data.web.PageableHandlerMethodArgumentResolver', 'org.springframework.web.servlet.config.annotation.WebMvcConfigurer' (OnClassCondition)
      - found 'session' scope (OnWebApplicationCondition)
      - @ConditionalOnMissingBean (types: org.springframework.data.web.PageableHandlerMethodArgumentResolver; SearchStrategy: all) did not find any beans (OnBeanCondition)

   SpringDataWebAutoConfiguration#pageableCustomizer matched:
      - @ConditionalOnMissingBean (types: org.springframework.data.web.config.PageableHandlerMethodArgumentResolverCustomizer; SearchStrategy: all) did not find any beans (OnBeanCondition)

   SpringDataWebAutoConfiguration#sortCustomizer matched:
      - @ConditionalOnMissingBean (types: org.springframework.data.web.config.SortHandlerMethodArgumentResolverCustomizer; SearchStrategy: all) did not find any beans (OnBeanCondition)

   SqlInitializationAutoConfiguration matched:
      - @ConditionalOnProperty (spring.sql.init.enabled) matched (OnPropertyCondition)
      - NoneNestedConditions 0 matched 1 did not; NestedCondition on SqlInitializationAutoConfiguration.SqlInitializationModeCondition.ModeIsNever @ConditionalOnProperty (spring.sql.init.mode=never) did not find property 'mode' (SqlInitializationAutoConfiguration.SqlInitializationModeCondition)

   SslAutoConfiguration#sslBundleRegistry matched:
      - @ConditionalOnMissingBean (types: org.springframework.boot.ssl.SslBundleRegistry,org.springframework.boot.ssl.SslBundles; SearchStrategy: all) did not find any beans (OnBeanCondition)

   TaskExecutionAutoConfiguration matched:
      - @ConditionalOnClass found required class 'org.springframework.scheduling.concurrent.ThreadPoolTaskExecutor' (OnClassCondition)

   TaskExecutorConfigurations.SimpleAsyncTaskExecutorBuilderConfiguration#simpleAsyncTaskExecutorBuilder matched:
      - @ConditionalOnMissingBean (types: org.springframework.boot.task.SimpleAsyncTaskExecutorBuilder; SearchStrategy: all) did not find any beans (OnBeanCondition)
      - @ConditionalOnThreading found PLATFORM (OnThreadingCondition)

   TaskExecutorConfigurations.TaskExecutorBuilderConfiguration#taskExecutorBuilder matched:
      - @ConditionalOnMissingBean (types: org.springframework.boot.task.TaskExecutorBuilder; SearchStrategy: all) did not find any beans (OnBeanCondition)

   TaskExecutorConfigurations.ThreadPoolTaskExecutorBuilderConfiguration#threadPoolTaskExecutorBuilder matched:
      - @ConditionalOnMissingBean (types: org.springframework.boot.task.TaskExecutorBuilder,org.springframework.boot.task.ThreadPoolTaskExecutorBuilder; SearchStrategy: all) did not find any beans (OnBeanCondition)

   TaskSchedulingAutoConfiguration matched:
      - @ConditionalOnClass found required class 'org.springframework.scheduling.concurrent.ThreadPoolTaskScheduler' (OnClassCondition)

   TaskSchedulingAutoConfiguration#scheduledBeanLazyInitializationExcludeFilter matched:
      - @ConditionalOnBean (names: org.springframework.context.annotation.internalScheduledAnnotationProcessor; SearchStrategy: all) found bean 'org.springframework.context.annotation.internalScheduledAnnotationProcessor' (OnBeanCondition)

   TaskSchedulingConfigurations.SimpleAsyncTaskSchedulerBuilderConfiguration#simpleAsyncTaskSchedulerBuilder matched:
      - @ConditionalOnMissingBean (types: org.springframework.boot.task.SimpleAsyncTaskSchedulerBuilder; SearchStrategy: all) did not find any beans (OnBeanCondition)
      - @ConditionalOnThreading found PLATFORM (OnThreadingCondition)

   TaskSchedulingConfigurations.TaskSchedulerBuilderConfiguration#taskSchedulerBuilder matched:
      - @ConditionalOnMissingBean (types: org.springframework.boot.task.TaskSchedulerBuilder; SearchStrategy: all) did not find any beans (OnBeanCondition)

   TaskSchedulingConfigurations.ThreadPoolTaskSchedulerBuilderConfiguration#threadPoolTaskSchedulerBuilder matched:
      - @ConditionalOnMissingBean (types: org.springframework.boot.task.TaskSchedulerBuilder,org.springframework.boot.task.ThreadPoolTaskSchedulerBuilder; SearchStrategy: all) did not find any beans (OnBeanCondition)

   TemplateEngineConfigurations.DefaultTemplateEngineConfiguration#templateEngine matched:
      - @ConditionalOnMissingBean (types: org.thymeleaf.spring6.ISpringTemplateEngine; SearchStrategy: all) did not find any beans (OnBeanCondition)

   ThymeleafAutoConfiguration matched:
      - @ConditionalOnClass found required classes 'org.thymeleaf.templatemode.TemplateMode', 'org.thymeleaf.spring6.SpringTemplateEngine' (OnClassCondition)

   ThymeleafAutoConfiguration.DefaultTemplateResolverConfiguration matched:
      - @ConditionalOnMissingBean (names: defaultTemplateResolver; SearchStrategy: all) did not find any beans (OnBeanCondition)

   ThymeleafAutoConfiguration.ThymeleafWebMvcConfiguration matched:
      - found 'session' scope (OnWebApplicationCondition)
      - @ConditionalOnProperty (spring.thymeleaf.enabled) matched (OnPropertyCondition)

   ThymeleafAutoConfiguration.ThymeleafWebMvcConfiguration.ThymeleafViewResolverConfiguration#thymeleafViewResolver matched:
      - @ConditionalOnMissingBean (names: thymeleafViewResolver; SearchStrategy: all) did not find any beans (OnBeanCondition)

   TransactionAutoConfiguration matched:
      - @ConditionalOnClass found required class 'org.springframework.transaction.PlatformTransactionManager' (OnClassCondition)

   TransactionAutoConfiguration.EnableTransactionManagementConfiguration matched:
      - @ConditionalOnBean (types: org.springframework.transaction.TransactionManager; SearchStrategy: all) found bean 'transactionManager'; @ConditionalOnMissingBean (types: org.springframework.transaction.annotation.AbstractTransactionManagementConfiguration; SearchStrategy: all) did not find any beans (OnBeanCondition)

   TransactionAutoConfiguration.EnableTransactionManagementConfiguration.CglibAutoProxyConfiguration matched:
      - @ConditionalOnProperty (spring.aop.proxy-target-class=true) matched (OnPropertyCondition)

   TransactionAutoConfiguration.TransactionTemplateConfiguration matched:
      - @ConditionalOnSingleCandidate (types: org.springframework.transaction.PlatformTransactionManager; SearchStrategy: all) found a single bean 'transactionManager' (OnBeanCondition)

   TransactionAutoConfiguration.TransactionTemplateConfiguration#transactionTemplate matched:
      - @ConditionalOnMissingBean (types: org.springframework.transaction.support.TransactionOperations; SearchStrategy: all) did not find any beans (OnBeanCondition)

   TransactionManagerCustomizationAutoConfiguration matched:
      - @ConditionalOnClass found required class 'org.springframework.transaction.PlatformTransactionManager' (OnClassCondition)

   TransactionManagerCustomizationAutoConfiguration#platformTransactionManagerCustomizers matched:
      - @ConditionalOnMissingBean (types: org.springframework.boot.autoconfigure.transaction.TransactionManagerCustomizers; SearchStrategy: all) did not find any beans (OnBeanCondition)

   WebMvcAutoConfiguration matched:
      - @ConditionalOnClass found required classes 'jakarta.servlet.Servlet', 'org.springframework.web.servlet.DispatcherServlet', 'org.springframework.web.servlet.config.annotation.WebMvcConfigurer' (OnClassCondition)
      - found 'session' scope (OnWebApplicationCondition)
      - @ConditionalOnMissingBean (types: org.springframework.web.servlet.config.annotation.WebMvcConfigurationSupport; SearchStrategy: all) did not find any beans (OnBeanCondition)

   WebMvcAutoConfiguration#formContentFilter matched:
      - @ConditionalOnProperty (spring.mvc.formcontent.filter.enabled) matched (OnPropertyCondition)
      - @ConditionalOnMissingBean (types: org.springframework.web.filter.FormContentFilter; SearchStrategy: all) did not find any beans (OnBeanCondition)

   WebMvcAutoConfiguration.EnableWebMvcConfiguration#flashMapManager matched:
      - @ConditionalOnMissingBean (names: flashMapManager; SearchStrategy: all) did not find any beans (OnBeanCondition)

   WebMvcAutoConfiguration.EnableWebMvcConfiguration#localeResolver matched:
      - @ConditionalOnMissingBean (names: localeResolver; SearchStrategy: all) did not find any beans (OnBeanCondition)

   WebMvcAutoConfiguration.EnableWebMvcConfiguration#themeResolver matched:
      - @ConditionalOnMissingBean (names: themeResolver; SearchStrategy: all) did not find any beans (OnBeanCondition)

   WebMvcAutoConfiguration.WebMvcAutoConfigurationAdapter#defaultViewResolver matched:
      - @ConditionalOnMissingBean (types: org.springframework.web.servlet.view.InternalResourceViewResolver; SearchStrategy: all) did not find any beans (OnBeanCondition)

   WebMvcAutoConfiguration.WebMvcAutoConfigurationAdapter#requestContextFilter matched:
      - @ConditionalOnMissingBean (types: org.springframework.web.context.request.RequestContextListener,org.springframework.web.filter.RequestContextFilter; SearchStrategy: all) did not find any beans (OnBeanCondition)

   WebMvcAutoConfiguration.WebMvcAutoConfigurationAdapter#viewResolver matched:
      - @ConditionalOnBean (types: org.springframework.web.servlet.ViewResolver; SearchStrategy: all) found beans 'defaultViewResolver', 'beanNameViewResolver', 'mvcViewResolver'; @ConditionalOnMissingBean (names: viewResolver types: org.springframework.web.servlet.view.ContentNegotiatingViewResolver; SearchStrategy: all) did not find any beans (OnBeanCondition)

   WebSocketMessagingAutoConfiguration matched:
      - @ConditionalOnClass found required class 'org.springframework.web.socket.config.annotation.WebSocketMessageBrokerConfigurer' (OnClassCondition)
      - found 'session' scope (OnWebApplicationCondition)

   WebSocketMessagingAutoConfiguration.WebSocketMessageConverterConfiguration matched:
      - @ConditionalOnClass found required classes 'com.fasterxml.jackson.databind.ObjectMapper', 'org.springframework.messaging.simp.config.AbstractMessageBrokerConfiguration' (OnClassCondition)
      - @ConditionalOnBean (types: org.springframework.web.socket.config.annotation.DelegatingWebSocketMessageBrokerConfiguration,com.fasterxml.jackson.databind.ObjectMapper; SearchStrategy: all) found beans 'jacksonObjectMapper', 'org.springframework.web.socket.config.annotation.DelegatingWebSocketMessageBrokerConfiguration' (OnBeanCondition)

   WebSocketServletAutoConfiguration matched:
      - @ConditionalOnClass found required classes 'jakarta.servlet.Servlet', 'jakarta.websocket.server.ServerContainer' (OnClassCondition)
      - found 'session' scope (OnWebApplicationCondition)

   WebSocketServletAutoConfiguration.TomcatWebSocketConfiguration matched:
      - @ConditionalOnClass found required classes 'org.apache.catalina.startup.Tomcat', 'org.apache.tomcat.websocket.server.WsSci' (OnClassCondition)

   WebSocketServletAutoConfiguration.TomcatWebSocketConfiguration#websocketServletWebServerCustomizer matched:
      - @ConditionalOnMissingBean (names: websocketServletWebServerCustomizer; SearchStrategy: all) did not find any beans (OnBeanCondition)


Negative matches:
-----------------

   ActiveMQAutoConfiguration:
      Did not match:
         - @ConditionalOnClass did not find required class 'jakarta.jms.ConnectionFactory' (OnClassCondition)

   AopAutoConfiguration.AspectJAutoProxyingConfiguration.JdkDynamicAutoProxyConfiguration:
      Did not match:
         - @ConditionalOnProperty (spring.aop.proxy-target-class=false) did not find property 'proxy-target-class' (OnPropertyCondition)

   AopAutoConfiguration.ClassProxyingConfiguration:
      Did not match:
         - @ConditionalOnMissingClass found unwanted class 'org.aspectj.weaver.Advice' (OnClassCondition)

   ArtemisAutoConfiguration:
      Did not match:
         - @ConditionalOnClass did not find required class 'jakarta.jms.ConnectionFactory' (OnClassCondition)

   BatchAutoConfiguration:
      Did not match:
         - @ConditionalOnClass did not find required class 'org.springframework.batch.core.launch.JobLauncher' (OnClassCondition)

   Cache2kCacheConfiguration:
      Did not match:
         - @ConditionalOnClass did not find required class 'org.cache2k.Cache2kBuilder' (OnClassCondition)

   CacheAutoConfiguration:
      Did not match:
         - @ConditionalOnBean (types: org.springframework.cache.interceptor.CacheAspectSupport; SearchStrategy: all) did not find any beans of type org.springframework.cache.interceptor.CacheAspectSupport (OnBeanCondition)
      Matched:
         - @ConditionalOnClass found required class 'org.springframework.cache.CacheManager' (OnClassCondition)

   CacheAutoConfiguration.CacheManagerEntityManagerFactoryDependsOnPostProcessor:
      Did not match:
         - Ancestor org.springframework.boot.autoconfigure.cache.CacheAutoConfiguration did not match (ConditionEvaluationReport.AncestorsMatchedCondition)
      Matched:
         - @ConditionalOnClass found required class 'org.springframework.orm.jpa.LocalContainerEntityManagerFactoryBean' (OnClassCondition)

   CaffeineCacheConfiguration:
      Did not match:
         - @ConditionalOnClass did not find required class 'com.github.benmanes.caffeine.cache.Caffeine' (OnClassCondition)

   CassandraAutoConfiguration:
      Did not match:
         - @ConditionalOnClass did not find required class 'com.datastax.oss.driver.api.core.CqlSession' (OnClassCondition)

   CassandraDataAutoConfiguration:
      Did not match:
         - @ConditionalOnClass did not find required class 'com.datastax.oss.driver.api.core.CqlSession' (OnClassCondition)

   CassandraReactiveDataAutoConfiguration:
      Did not match:
         - @ConditionalOnClass did not find required class 'com.datastax.oss.driver.api.core.CqlSession' (OnClassCondition)

   CassandraReactiveRepositoriesAutoConfiguration:
      Did not match:
         - @ConditionalOnClass did not find required class 'org.springframework.data.cassandra.ReactiveSession' (OnClassCondition)

   CassandraRepositoriesAutoConfiguration:
      Did not match:
         - @ConditionalOnClass did not find required class 'com.datastax.oss.driver.api.core.CqlSession' (OnClassCondition)

   ClientHttpConnectorAutoConfiguration:
      Did not match:
         - @ConditionalOnClass did not find required class 'org.springframework.web.reactive.function.client.WebClient' (OnClassCondition)

   CodecsAutoConfiguration:
      Did not match:
         - @ConditionalOnClass did not find required class 'org.springframework.web.reactive.function.client.WebClient' (OnClassCondition)

   CouchbaseAutoConfiguration:
      Did not match:
         - @ConditionalOnClass did not find required class 'com.couchbase.client.java.Cluster' (OnClassCondition)

   CouchbaseCacheConfiguration:
      Did not match:
         - @ConditionalOnClass did not find required class 'com.couchbase.client.java.Cluster' (OnClassCondition)

   CouchbaseDataAutoConfiguration:
      Did not match:
         - @ConditionalOnClass did not find required class 'com.couchbase.client.java.Bucket' (OnClassCondition)

   CouchbaseReactiveDataAutoConfiguration:
      Did not match:
         - @ConditionalOnClass did not find required class 'com.couchbase.client.java.Cluster' (OnClassCondition)

   CouchbaseReactiveRepositoriesAutoConfiguration:
      Did not match:
         - @ConditionalOnClass did not find required class 'com.couchbase.client.java.Cluster' (OnClassCondition)

   CouchbaseRepositoriesAutoConfiguration:
      Did not match:
         - @ConditionalOnClass did not find required class 'com.couchbase.client.java.Bucket' (OnClassCondition)

   DataSourceAutoConfiguration.EmbeddedDatabaseConfiguration:
      Did not match:
         - EmbeddedDataSource spring.datasource.url is set (DataSourceAutoConfiguration.EmbeddedDatabaseCondition)

   DataSourceCheckpointRestoreConfiguration:
      Did not match:
         - @ConditionalOnClass did not find required class 'org.crac.Resource' (OnClassCondition)

   DataSourceConfiguration.Dbcp2:
      Did not match:
         - @ConditionalOnClass did not find required class 'org.apache.commons.dbcp2.BasicDataSource' (OnClassCondition)

   DataSourceConfiguration.Generic:
      Did not match:
         - @ConditionalOnProperty (spring.datasource.type) did not find property 'spring.datasource.type' (OnPropertyCondition)

   DataSourceConfiguration.OracleUcp:
      Did not match:
         - @ConditionalOnClass did not find required classes 'oracle.ucp.jdbc.PoolDataSourceImpl', 'oracle.jdbc.OracleConnection' (OnClassCondition)

   DataSourceConfiguration.Tomcat:
      Did not match:
         - @ConditionalOnClass did not find required class 'org.apache.tomcat.jdbc.pool.DataSource' (OnClassCondition)

   DataSourceJmxConfiguration:
      Did not match:
         - @ConditionalOnProperty (spring.jmx.enabled=true) found different value in property 'enabled' (OnPropertyCondition)

   DataSourcePoolMetadataProvidersConfiguration.CommonsDbcp2PoolDataSourceMetadataProviderConfiguration:
      Did not match:
         - @ConditionalOnClass did not find required class 'org.apache.commons.dbcp2.BasicDataSource' (OnClassCondition)

   DataSourcePoolMetadataProvidersConfiguration.OracleUcpPoolDataSourceMetadataProviderConfiguration:
      Did not match:
         - @ConditionalOnClass did not find required classes 'oracle.ucp.jdbc.PoolDataSource', 'oracle.jdbc.OracleConnection' (OnClassCondition)

   DataSourcePoolMetadataProvidersConfiguration.TomcatDataSourcePoolMetadataProviderConfiguration:
      Did not match:
         - @ConditionalOnClass did not find required class 'org.apache.tomcat.jdbc.pool.DataSource' (OnClassCondition)

   DataSourceTransactionManagerAutoConfiguration.JdbcTransactionManagerConfiguration#transactionManager:
      Did not match:
         - @ConditionalOnMissingBean (types: org.springframework.transaction.TransactionManager; SearchStrategy: all) found beans of type 'org.springframework.transaction.TransactionManager' transactionManager (OnBeanCondition)

   DispatcherServletAutoConfiguration.DispatcherServletConfiguration#multipartResolver:
      Did not match:
         - @ConditionalOnBean (types: org.springframework.web.multipart.MultipartResolver; SearchStrategy: all) did not find any beans of type org.springframework.web.multipart.MultipartResolver (OnBeanCondition)

   ElasticsearchClientAutoConfiguration:
      Did not match:
         - @ConditionalOnClass did not find required class 'co.elastic.clients.elasticsearch.ElasticsearchClient' (OnClassCondition)

   ElasticsearchDataAutoConfiguration:
      Did not match:
         - @ConditionalOnClass did not find required class 'org.springframework.data.elasticsearch.client.elc.ElasticsearchTemplate' (OnClassCondition)

   ElasticsearchRepositoriesAutoConfiguration:
      Did not match:
         - @ConditionalOnClass did not find required class 'org.springframework.data.elasticsearch.repository.ElasticsearchRepository' (OnClassCondition)

   ElasticsearchRestClientAutoConfiguration:
      Did not match:
         - @ConditionalOnClass did not find required class 'org.elasticsearch.client.RestClientBuilder' (OnClassCondition)

   EmbeddedLdapAutoConfiguration:
      Did not match:
         - @ConditionalOnClass did not find required class 'com.unboundid.ldap.listener.InMemoryDirectoryServer' (OnClassCondition)

   EmbeddedWebServerFactoryCustomizerAutoConfiguration:
      Did not match:
         - Application is deployed as a WAR file. (OnWarDeploymentCondition)
      Matched:
         - @ConditionalOnWebApplication (required) found 'session' scope (OnWebApplicationCondition)

   ErrorWebFluxAutoConfiguration:
      Did not match:
[...]
2026-06-27T17:25:25.050-05:00 DEBUG 14268 --- [           main] org.hibernate.SQL                        : insert into agenda (disponible,duracion_turno,fecha,hora_fin,hora_inicio,motivo,veterinario_id,id) values (?,?,?,?,?,?,?,default)
Hibernate: insert into agenda (disponible,duracion_turno,fecha,hora_fin,hora_inicio,motivo,veterinario_id,id) values (?,?,?,?,?,?,?,default)
2026-06-27T17:25:25.050-05:00 DEBUG 14268 --- [           main] org.hibernate.SQL                        : insert into agenda (disponible,duracion_turno,fecha,hora_fin,hora_inicio,motivo,veterinario_id,id) values (?,?,?,?,?,?,?,default)
Hibernate: insert into agenda (disponible,duracion_turno,fecha,hora_fin,hora_inicio,motivo,veterinario_id,id) values (?,?,?,?,?,?,?,default)
2026-06-27T17:25:25.051-05:00 DEBUG 14268 --- [           main] org.hibernate.SQL                        : insert into agenda (disponible,duracion_turno,fecha,hora_fin,hora_inicio,motivo,veterinario_id,id) values (?,?,?,?,?,?,?,default)
Hibernate: insert into agenda (disponible,duracion_turno,fecha,hora_fin,hora_inicio,motivo,veterinario_id,id) values (?,?,?,?,?,?,?,default)
2026-06-27T17:25:25.051-05:00 DEBUG 14268 --- [           main] org.hibernate.SQL                        : insert into agenda (disponible,duracion_turno,fecha,hora_fin,hora_inicio,motivo,veterinario_id,id) values (?,?,?,?,?,?,?,default)
Hibernate: insert into agenda (disponible,duracion_turno,fecha,hora_fin,hora_inicio,motivo,veterinario_id,id) values (?,?,?,?,?,?,?,default)
2026-06-27T17:25:25.051-05:00 DEBUG 14268 --- [           main] org.hibernate.SQL                        : insert into agenda (disponible,duracion_turno,fecha,hora_fin,hora_inicio,motivo,veterinario_id,id) values (?,?,?,?,?,?,?,default)
Hibernate: insert into agenda (disponible,duracion_turno,fecha,hora_fin,hora_inicio,motivo,veterinario_id,id) values (?,?,?,?,?,?,?,default)
2026-06-27T17:25:25.051-05:00 DEBUG 14268 --- [           main] org.hibernate.SQL                        : insert into agenda (disponible,duracion_turno,fecha,hora_fin,hora_inicio,motivo,veterinario_id,id) values (?,?,?,?,?,?,?,default)
Hibernate: insert into agenda (disponible,duracion_turno,fecha,hora_fin,hora_inicio,motivo,veterinario_id,id) values (?,?,?,?,?,?,?,default)
2026-06-27T17:25:25.052-05:00 DEBUG 14268 --- [           main] org.hibernate.SQL                        : insert into agenda (disponible,duracion_turno,fecha,hora_fin,hora_inicio,motivo,veterinario_id,id) values (?,?,?,?,?,?,?,default)
Hibernate: insert into agenda (disponible,duracion_turno,fecha,hora_fin,hora_inicio,motivo,veterinario_id,id) values (?,?,?,?,?,?,?,default)
2026-06-27T17:25:25.052-05:00 DEBUG 14268 --- [           main] org.hibernate.SQL                        : insert into agenda (disponible,duracion_turno,fecha,hora_fin,hora_inicio,motivo,veterinario_id,id) values (?,?,?,?,?,?,?,default)
Hibernate: insert into agenda (disponible,duracion_turno,fecha,hora_fin,hora_inicio,motivo,veterinario_id,id) values (?,?,?,?,?,?,?,default)
2026-06-27T17:25:25.052-05:00 DEBUG 14268 --- [           main] org.hibernate.SQL                        : insert into agenda (disponible,duracion_turno,fecha,hora_fin,hora_inicio,motivo,veterinario_id,id) values (?,?,?,?,?,?,?,default)
Hibernate: insert into agenda (disponible,duracion_turno,fecha,hora_fin,hora_inicio,motivo,veterinario_id,id) values (?,?,?,?,?,?,?,default)
2026-06-27T17:25:25.053-05:00 DEBUG 14268 --- [           main] org.hibernate.SQL                        : insert into agenda (disponible,duracion_turno,fecha,hora_fin,hora_inicio,motivo,veterinario_id,id) values (?,?,?,?,?,?,?,default)
Hibernate: insert into agenda (disponible,duracion_turno,fecha,hora_fin,hora_inicio,motivo,veterinario_id,id) values (?,?,?,?,?,?,?,default)
2026-06-27T17:25:25.053-05:00 DEBUG 14268 --- [           main] org.hibernate.SQL                        : insert into agenda (disponible,duracion_turno,fecha,hora_fin,hora_inicio,motivo,veterinario_id,id) values (?,?,?,?,?,?,?,default)
Hibernate: insert into agenda (disponible,duracion_turno,fecha,hora_fin,hora_inicio,motivo,veterinario_id,id) values (?,?,?,?,?,?,?,default)
2026-06-27T17:25:25.053-05:00 DEBUG 14268 --- [           main] org.hibernate.SQL                        : insert into agenda (disponible,duracion_turno,fecha,hora_fin,hora_inicio,motivo,veterinario_id,id) values (?,?,?,?,?,?,?,default)
Hibernate: insert into agenda (disponible,duracion_turno,fecha,hora_fin,hora_inicio,motivo,veterinario_id,id) values (?,?,?,?,?,?,?,default)
2026-06-27T17:25:25.053-05:00 DEBUG 14268 --- [           main] org.hibernate.SQL                        : insert into agenda (disponible,duracion_turno,fecha,hora_fin,hora_inicio,motivo,veterinario_id,id) values (?,?,?,?,?,?,?,default)
Hibernate: insert into agenda (disponible,duracion_turno,fecha,hora_fin,hora_inicio,motivo,veterinario_id,id) values (?,?,?,?,?,?,?,default)
2026-06-27T17:25:25.054-05:00 DEBUG 14268 --- [           main] org.hibernate.SQL                        : insert into agenda (disponible,duracion_turno,fecha,hora_fin,hora_inicio,motivo,veterinario_id,id) values (?,?,?,?,?,?,?,default)
Hibernate: insert into agenda (disponible,duracion_turno,fecha,hora_fin,hora_inicio,motivo,veterinario_id,id) values (?,?,?,?,?,?,?,default)
2026-06-27T17:25:25.054-05:00 DEBUG 14268 --- [           main] org.hibernate.SQL                        : insert into agenda (disponible,duracion_turno,fecha,hora_fin,hora_inicio,motivo,veterinario_id,id) values (?,?,?,?,?,?,?,default)
Hibernate: insert into agenda (disponible,duracion_turno,fecha,hora_fin,hora_inicio,motivo,veterinario_id,id) values (?,?,?,?,?,?,?,default)
2026-06-27T17:25:25.054-05:00 DEBUG 14268 --- [           main] org.hibernate.SQL                        : insert into agenda (disponible,duracion_turno,fecha,hora_fin,hora_inicio,motivo,veterinario_id,id) values (?,?,?,?,?,?,?,default)
Hibernate: insert into agenda (disponible,duracion_turno,fecha,hora_fin,hora_inicio,motivo,veterinario_id,id) values (?,?,?,?,?,?,?,default)
2026-06-27T17:25:25.055-05:00 DEBUG 14268 --- [           main] org.hibernate.SQL                        : insert into agenda (disponible,duracion_turno,fecha,hora_fin,hora_inicio,motivo,veterinario_id,id) values (?,?,?,?,?,?,?,default)
Hibernate: insert into agenda (disponible,duracion_turno,fecha,hora_fin,hora_inicio,motivo,veterinario_id,id) values (?,?,?,?,?,?,?,default)
2026-06-27T17:25:25.055-05:00 DEBUG 14268 --- [           main] org.hibernate.SQL                        : insert into agenda (disponible,duracion_turno,fecha,hora_fin,hora_inicio,motivo,veterinario_id,id) values (?,?,?,?,?,?,?,default)
Hibernate: insert into agenda (disponible,duracion_turno,fecha,hora_fin,hora_inicio,motivo,veterinario_id,id) values (?,?,?,?,?,?,?,default)
2026-06-27T17:25:25.055-05:00 DEBUG 14268 --- [           main] org.hibernate.SQL                        : insert into agenda (disponible,duracion_turno,fecha,hora_fin,hora_inicio,motivo,veterinario_id,id) values (?,?,?,?,?,?,?,default)
Hibernate: insert into agenda (disponible,duracion_turno,fecha,hora_fin,hora_inicio,motivo,veterinario_id,id) values (?,?,?,?,?,?,?,default)
2026-06-27T17:25:25.056-05:00 DEBUG 14268 --- [           main] org.hibernate.SQL                        : insert into agenda (disponible,duracion_turno,fecha,hora_fin,hora_inicio,motivo,veterinario_id,id) values (?,?,?,?,?,?,?,default)
Hibernate: insert into agenda (disponible,duracion_turno,fecha,hora_fin,hora_inicio,motivo,veterinario_id,id) values (?,?,?,?,?,?,?,default)
2026-06-27T17:25:25.056-05:00 DEBUG 14268 --- [           main] org.hibernate.SQL                        : insert into agenda (disponible,duracion_turno,fecha,hora_fin,hora_inicio,motivo,veterinario_id,id) values (?,?,?,?,?,?,?,default)
Hibernate: insert into agenda (disponible,duracion_turno,fecha,hora_fin,hora_inicio,motivo,veterinario_id,id) values (?,?,?,?,?,?,?,default)
2026-06-27T17:25:25.057-05:00 DEBUG 14268 --- [           main] org.hibernate.SQL                        : insert into agenda (disponible,duracion_turno,fecha,hora_fin,hora_inicio,motivo,veterinario_id,id) values (?,?,?,?,?,?,?,default)
Hibernate: insert into agenda (disponible,duracion_turno,fecha,hora_fin,hora_inicio,motivo,veterinario_id,id) values (?,?,?,?,?,?,?,default)
2026-06-27T17:25:25.057-05:00 DEBUG 14268 --- [           main] org.hibernate.SQL                        : insert into agenda (disponible,duracion_turno,fecha,hora_fin,hora_inicio,motivo,veterinario_id,id) values (?,?,?,?,?,?,?,default)
Hibernate: insert into agenda (disponible,duracion_turno,fecha,hora_fin,hora_inicio,motivo,veterinario_id,id) values (?,?,?,?,?,?,?,default)
2026-06-27T17:25:25.057-05:00 DEBUG 14268 --- [           main] org.hibernate.SQL                        : insert into agenda (disponible,duracion_turno,fecha,hora_fin,hora_inicio,motivo,veterinario_id,id) values (?,?,?,?,?,?,?,default)
Hibernate: insert into agenda (disponible,duracion_turno,fecha,hora_fin,hora_inicio,motivo,veterinario_id,id) values (?,?,?,?,?,?,?,default)
2026-06-27T17:25:25.058-05:00 DEBUG 14268 --- [           main] org.hibernate.SQL                        : insert into agenda (disponible,duracion_turno,fecha,hora_fin,hora_inicio,motivo,veterinario_id,id) values (?,?,?,?,?,?,?,default)
Hibernate: insert into agenda (disponible,duracion_turno,fecha,hora_fin,hora_inicio,motivo,veterinario_id,id) values (?,?,?,?,?,?,?,default)
2026-06-27T17:25:25.059-05:00 DEBUG 14268 --- [           main] org.hibernate.SQL                        : insert into agenda (disponible,duracion_turno,fecha,hora_fin,hora_inicio,motivo,veterinario_id,id) values (?,?,?,?,?,?,?,default)
Hibernate: insert into agenda (disponible,duracion_turno,fecha,hora_fin,hora_inicio,motivo,veterinario_id,id) values (?,?,?,?,?,?,?,default)
2026-06-27T17:25:25.059-05:00 DEBUG 14268 --- [           main] org.hibernate.SQL                        : insert into agenda (disponible,duracion_turno,fecha,hora_fin,hora_inicio,motivo,veterinario_id,id) values (?,?,?,?,?,?,?,default)
Hibernate: insert into agenda (disponible,duracion_turno,fecha,hora_fin,hora_inicio,motivo,veterinario_id,id) values (?,?,?,?,?,?,?,default)
2026-06-27T17:25:25.060-05:00 DEBUG 14268 --- [           main] org.hibernate.SQL                        : insert into agenda (disponible,duracion_turno,fecha,hora_fin,hora_inicio,motivo,veterinario_id,id) values (?,?,?,?,?,?,?,default)
Hibernate: insert into agenda (disponible,duracion_turno,fecha,hora_fin,hora_inicio,motivo,veterinario_id,id) values (?,?,?,?,?,?,?,default)
2026-06-27T17:25:25.060-05:00 DEBUG 14268 --- [           main] org.hibernate.SQL                        : insert into agenda (disponible,duracion_turno,fecha,hora_fin,hora_inicio,motivo,veterinario_id,id) values (?,?,?,?,?,?,?,default)
Hibernate: insert into agenda (disponible,duracion_turno,fecha,hora_fin,hora_inicio,motivo,veterinario_id,id) values (?,?,?,?,?,?,?,default)
2026-06-27T17:25:25.061-05:00 DEBUG 14268 --- [           main] org.hibernate.SQL                        : insert into agenda (disponible,duracion_turno,fecha,hora_fin,hora_inicio,motivo,veterinario_id,id) values (?,?,?,?,?,?,?,default)
Hibernate: insert into agenda (disponible,duracion_turno,fecha,hora_fin,hora_inicio,motivo,veterinario_id,id) values (?,?,?,?,?,?,?,default)
2026-06-27T17:25:25.061-05:00 DEBUG 14268 --- [           main] org.hibernate.SQL                        : insert into agenda (disponible,duracion_turno,fecha,hora_fin,hora_inicio,motivo,veterinario_id,id) values (?,?,?,?,?,?,?,default)
Hibernate: insert into agenda (disponible,duracion_turno,fecha,hora_fin,hora_inicio,motivo,veterinario_id,id) values (?,?,?,?,?,?,?,default)
2026-06-27T17:25:25.061-05:00 DEBUG 14268 --- [           main] org.hibernate.SQL                        : insert into agenda (disponible,duracion_turno,fecha,hora_fin,hora_inicio,motivo,veterinario_id,id) values (?,?,?,?,?,?,?,default)
Hibernate: insert into agenda (disponible,duracion_turno,fecha,hora_fin,hora_inicio,motivo,veterinario_id,id) values (?,?,?,?,?,?,?,default)
2026-06-27T17:25:25.062-05:00 DEBUG 14268 --- [           main] org.hibernate.SQL                        : insert into agenda (disponible,duracion_turno,fecha,hora_fin,hora_inicio,motivo,veterinario_id,id) values (?,?,?,?,?,?,?,default)
Hibernate: insert into agenda (disponible,duracion_turno,fecha,hora_fin,hora_inicio,motivo,veterinario_id,id) values (?,?,?,?,?,?,?,default)
2026-06-27T17:25:25.062-05:00 DEBUG 14268 --- [           main] org.hibernate.SQL                        : insert into agenda (disponible,duracion_turno,fecha,hora_fin,hora_inicio,motivo,veterinario_id,id) values (?,?,?,?,?,?,?,default)
Hibernate: insert into agenda (disponible,duracion_turno,fecha,hora_fin,hora_inicio,motivo,veterinario_id,id) values (?,?,?,?,?,?,?,default)
2026-06-27T17:25:25.063-05:00 DEBUG 14268 --- [           main] org.hibernate.SQL                        : insert into agenda (disponible,duracion_turno,fecha,hora_fin,hora_inicio,motivo,veterinario_id,id) values (?,?,?,?,?,?,?,default)
Hibernate: insert into agenda (disponible,duracion_turno,fecha,hora_fin,hora_inicio,motivo,veterinario_id,id) values (?,?,?,?,?,?,?,default)
2026-06-27T17:25:25.063-05:00 DEBUG 14268 --- [           main] org.hibernate.SQL                        : insert into agenda (disponible,duracion_turno,fecha,hora_fin,hora_inicio,motivo,veterinario_id,id) values (?,?,?,?,?,?,?,default)
Hibernate: insert into agenda (disponible,duracion_turno,fecha,hora_fin,hora_inicio,motivo,veterinario_id,id) values (?,?,?,?,?,?,?,default)
2026-06-27T17:25:25.063-05:00 DEBUG 14268 --- [           main] org.hibernate.SQL                        : insert into agenda (disponible,duracion_turno,fecha,hora_fin,hora_inicio,motivo,veterinario_id,id) values (?,?,?,?,?,?,?,default)
Hibernate: insert into agenda (disponible,duracion_turno,fecha,hora_fin,hora_inicio,motivo,veterinario_id,id) values (?,?,?,?,?,?,?,default)
2026-06-27T17:25:25.065-05:00 DEBUG 14268 --- [           main] org.hibernate.SQL                        : insert into agenda (disponible,duracion_turno,fecha,hora_fin,hora_inicio,motivo,veterinario_id,id) values (?,?,?,?,?,?,?,default)
Hibernate: insert into agenda (disponible,duracion_turno,fecha,hora_fin,hora_inicio,motivo,veterinario_id,id) values (?,?,?,?,?,?,?,default)
2026-06-27T17:25:25.065-05:00 DEBUG 14268 --- [           main] org.hibernate.SQL                        : insert into agenda (disponible,duracion_turno,fecha,hora_fin,hora_inicio,motivo,veterinario_id,id) values (?,?,?,?,?,?,?,default)
Hibernate: insert into agenda (disponible,duracion_turno,fecha,hora_fin,hora_inicio,motivo,veterinario_id,id) values (?,?,?,?,?,?,?,default)
2026-06-27T17:25:25.065-05:00 DEBUG 14268 --- [           main] org.hibernate.SQL                        : insert into agenda (disponible,duracion_turno,fecha,hora_fin,hora_inicio,motivo,veterinario_id,id) values (?,?,?,?,?,?,?,default)
Hibernate: insert into agenda (disponible,duracion_turno,fecha,hora_fin,hora_inicio,motivo,veterinario_id,id) values (?,?,?,?,?,?,?,default)
2026-06-27T17:25:25.066-05:00 DEBUG 14268 --- [           main] org.hibernate.SQL                        : insert into agenda (disponible,duracion_turno,fecha,hora_fin,hora_inicio,motivo,veterinario_id,id) values (?,?,?,?,?,?,?,default)
Hibernate: insert into agenda (disponible,duracion_turno,fecha,hora_fin,hora_inicio,motivo,veterinario_id,id) values (?,?,?,?,?,?,?,default)
2026-06-27T17:25:25.066-05:00 DEBUG 14268 --- [           main] org.hibernate.SQL                        : insert into agenda (disponible,duracion_turno,fecha,hora_fin,hora_inicio,motivo,veterinario_id,id) values (?,?,?,?,?,?,?,default)
Hibernate: insert into agenda (disponible,duracion_turno,fecha,hora_fin,hora_inicio,motivo,veterinario_id,id) values (?,?,?,?,?,?,?,default)
2026-06-27T17:25:25.066-05:00 DEBUG 14268 --- [           main] org.hibernate.SQL                        : insert into agenda (disponible,duracion_turno,fecha,hora_fin,hora_inicio,motivo,veterinario_id,id) values (?,?,?,?,?,?,?,default)
Hibernate: insert into agenda (disponible,duracion_turno,fecha,hora_fin,hora_inicio,motivo,veterinario_id,id) values (?,?,?,?,?,?,?,default)
2026-06-27T17:25:25.067-05:00 DEBUG 14268 --- [           main] org.hibernate.SQL                        : insert into agenda (disponible,duracion_turno,fecha,hora_fin,hora_inicio,motivo,veterinario_id,id) values (?,?,?,?,?,?,?,default)
Hibernate: insert into agenda (disponible,duracion_turno,fecha,hora_fin,hora_inicio,motivo,veterinario_id,id) values (?,?,?,?,?,?,?,default)
2026-06-27T17:25:25.067-05:00 DEBUG 14268 --- [           main] org.hibernate.SQL                        : insert into agenda (disponible,duracion_turno,fecha,hora_fin,hora_inicio,motivo,veterinario_id,id) values (?,?,?,?,?,?,?,default)
Hibernate: insert into agenda (disponible,duracion_turno,fecha,hora_fin,hora_inicio,motivo,veterinario_id,id) values (?,?,?,?,?,?,?,default)
2026-06-27T17:25:25.067-05:00 DEBUG 14268 --- [           main] org.hibernate.SQL                        : insert into agenda (disponible,duracion_turno,fecha,hora_fin,hora_inicio,motivo,veterinario_id,id) values (?,?,?,?,?,?,?,default)
Hibernate: insert into agenda (disponible,duracion_turno,fecha,hora_fin,hora_inicio,motivo,veterinario_id,id) values (?,?,?,?,?,?,?,default)
2026-06-27T17:25:25.067-05:00 DEBUG 14268 --- [           main] org.hibernate.SQL                        : insert into agenda (disponible,duracion_turno,fecha,hora_fin,hora_inicio,motivo,veterinario_id,id) values (?,?,?,?,?,?,?,default)
Hibernate: insert into agenda (disponible,duracion_turno,fecha,hora_fin,hora_inicio,motivo,veterinario_id,id) values (?,?,?,?,?,?,?,default)
2026-06-27T17:25:25.068-05:00 DEBUG 14268 --- [           main] org.hibernate.SQL                        : insert into agenda (disponible,duracion_turno,fecha,hora_fin,hora_inicio,motivo,veterinario_id,id) values (?,?,?,?,?,?,?,default)
Hibernate: insert into agenda (disponible,duracion_turno,fecha,hora_fin,hora_inicio,motivo,veterinario_id,id) values (?,?,?,?,?,?,?,default)
2026-06-27T17:25:25.068-05:00 DEBUG 14268 --- [           main] org.hibernate.SQL                        : insert into agenda (disponible,duracion_turno,fecha,hora_fin,hora_inicio,motivo,veterinario_id,id) values (?,?,?,?,?,?,?,default)
Hibernate: insert into agenda (disponible,duracion_turno,fecha,hora_fin,hora_inicio,motivo,veterinario_id,id) values (?,?,?,?,?,?,?,default)
2026-06-27T17:25:25.068-05:00 DEBUG 14268 --- [           main] org.hibernate.SQL                        : insert into agenda (disponible,duracion_turno,fecha,hora_fin,hora_inicio,motivo,veterinario_id,id) values (?,?,?,?,?,?,?,default)
Hibernate: insert into agenda (disponible,duracion_turno,fecha,hora_fin,hora_inicio,motivo,veterinario_id,id) values (?,?,?,?,?,?,?,default)
2026-06-27T17:25:25.069-05:00 DEBUG 14268 --- [           main] org.hibernate.SQL                        : insert into agenda (disponible,duracion_turno,fecha,hora_fin,hora_inicio,motivo,veterinario_id,id) values (?,?,?,?,?,?,?,default)
Hibernate: insert into agenda (disponible,duracion_turno,fecha,hora_fin,hora_inicio,motivo,veterinario_id,id) values (?,?,?,?,?,?,?,default)
2026-06-27T17:25:25.071-05:00 DEBUG 14268 --- [           main] org.hibernate.SQL                        : insert into agenda (disponible,duracion_turno,fecha,hora_fin,hora_inicio,motivo,veterinario_id,id) values (?,?,?,?,?,?,?,default)
Hibernate: insert into agenda (disponible,duracion_turno,fecha,hora_fin,hora_inicio,motivo,veterinario_id,id) values (?,?,?,?,?,?,?,default)
✅ Agenda base generada o verificada exitosamente
🎉 Todos los usuarios iniciales han sido creados
2026-06-27T17:25:25.103-05:00 DEBUG 14268 --- [           main] o.s.b.a.ApplicationAvailabilityBean      : Application availability state ReadinessState changed to ACCEPTING_TRAFFIC
]]></system-out>
  </testcase>
</testsuite>